Env: ./assets/base_walker_flat.xml
self.action_map [(0, 0), (0, 1), (0, 2), (0, 3), (1, 0), (1, 1), (1, 2), (1, 3), (2, 0), (2, 1), (2, 2), (2, 3), (3, 0), (3, 1), (3, 2), (3, 3), (4, 0), (4, 1), (4, 2), (4, 3), (5, 0), (5, 1), (5, 2), (5, 3), (6, 0), (6, 1), (6, 2), (6, 3), (7, 0), (7, 1), (7, 2), (7, 3), (8, 0), (8, 1), (8, 2), (8, 3), (9, 0), (9, 1), (9, 2), (9, 3), (10, 0), (10, 1), (10, 2), (10, 3), (11, 0), (11, 1), (11, 2), (11, 3), (12, 0), (12, 1), (12, 2), (12, 3), (13, 0), (13, 1), (13, 2), (13, 3), (14, 0), (14, 1), (14, 2), (14, 3), (15, 0), (15, 1), (15, 2), (15, 3), (16, 0), (16, 1), (16, 2), (16, 3), (17, 0), (17, 1), (17, 2), (17, 3), (18, 0), (18, 1), (18, 2), (18, 3), (19, 0), (19, 1), (19, 2), (19, 3), (20, 0), (20, 1), (20, 2), (20, 3), (21, 0), (21, 1), (21, 2), (21, 3), (22, 0), (22, 1), (22, 2), (22, 3), (23, 0), (23, 1), (23, 2), (23, 3), (24, 0), (24, 1), (24, 2), (24, 3)]


Hyperparameters:
--------------------------------------------------
Z_learning_rate                         :	(float)   	0.001
Z_lr_decay                              :	(int)     	50000
adam_eps                                :	(float)   	1e-08
algo                                    :	(str)     	TB
bootstrap_own_reward                    :	(bool)    	False
clip_grad_param                         :	(int)     	10
clip_grad_type                          :	(str)     	norm
env                                     :	(str)     	walker
env_id                                  :	(str)     	Walker2d-v5
env_terrain                             :	(str)     	flat
exp_method                              :	(str)     	GSCA
global_batch_size                       :	(int)     	25
gum_beta                                :	(float)   	0.0
hostname                                :	(str)     	cpu-05
illegal_action_logreward                :	(int)     	-75
init_data_iters                         :	(int)     	10
lastbatch_rl_timesteps                  :	(str)     	1000000
learning_rate                           :	(float)   	0.0001
log_dir                                 :	(str)     	/home/knagiredla/robonet/logs/exp_GSCA_10_flat_base_walker_300_000_134_1729465582
lr_decay                                :	(int)     	20000
max_nodes                               :	(int)     	10
momentum                                :	(float)   	0.9
mp_pickle_messages                      :	(bool)    	False
num_data_loader_workers                 :	(int)     	0
num_emb                                 :	(int)     	256
num_final_gen_steps                     :	(int)     	1
num_layers                              :	(int)     	4
num_thermometer_dim                     :	(int)     	32
num_training_steps                      :	(int)     	1000
offline_ratio                           :	(float)   	0.5
overwrite_existing_exp                  :	(bool)    	True
qm9_h5_path                             :	(str)     	/data/chem/qm9/qm9.h5
random_action_prob                      :	(int)     	0
replay_buffer_size                      :	(int)     	10000
replay_buffer_warmup                    :	(int)     	10000
resource_per_link                       :	(str)     	30000
reward_loss_multiplier                  :	(int)     	1
rl_timesteps                            :	(str)     	300000
sampling_tau                            :	(float)   	0.99
seed                                    :	(int)     	134
start_point                             :	(str)     	base
tb_epsilon                              :	(NoneType)	None
tb_p_b_is_parameterized                 :	(bool)    	False
temperature_dist_params                 :	(tuple)   	(0.0, 64.0)
temperature_sample_dist                 :	(str)     	uniform
use_replay_buffer                       :	(bool)    	True
valid_random_action_prob                :	(float)   	0.0
validate_every                          :	(int)     	250
weight_decay                            :	(float)   	1e-08
xml_path                                :	(str)     	/home/knagiredla/robonet/logs/exp_GSCA_10_flat_base_walker_300_000_134_1729465582/xmlrobots
--------------------------------------------------


---Built training data loader in 0.0009288787841796875 seconds ---
21/10/2024 10:06:22 - INFO - logger - Starting training
Updated max_nodes to 8 at iteration 1
iteration from exception 0
gum_beta 10.0
Received graph <[0, 1, 2, 3, 4, 5, 6, 7], [(0, 1), (0, 2), (0, 3), (0, 5), (1, 6), (3, 4), (5, 7)], [1, 1, 2, 3, 0, 2, 0, 2, 0, 0, 3, 3, 0, 0] <class 'envs.graph_building_env.Graph'>
XML robot of <[0, 1, 2, 3, 4, 5, 6, 7], [(0, 1), (0, 2), (0, 3), (0, 5), (1, 6), (3, 4), (5, 7)], [1, 1, 2, 3, 0, 2, 0, 2, 0, 0, 3, 3, 0, 0] failed because: 18
Received graph <[0, 1, 2, 3, 4, 5, 6, 7], [(0, 1), (0, 2), (0, 4), (1, 5), (2, 3), (2, 7), (3, 6)], [1, 3, 0, 2, 0, 3, 3, 0, 1, 2, 2, 1, 1, 3] <class 'envs.graph_building_env.Graph'>
XML robot of <[0, 1, 2, 3, 4, 5, 6, 7], [(0, 1), (0, 2), (0, 4), (1, 5), (2, 3), (2, 7), (3, 6)], [1, 3, 0, 2, 0, 3, 3, 0, 1, 2, 2, 1, 1, 3] failed because: 19
Received graph <[0, 1, 2, 3, 4, 5, 6, 7], [(0, 1), (0, 2), (0, 6), (2, 3), (2, 4), (4, 5), (4, 7)], [0, 1, 2, 1, 3, 0, 0, 2, 2, 3, 0, 1, 0, 0] <class 'envs.graph_building_env.Graph'>
XML robot of <[0, 1, 2, 3, 4, 5, 6, 7], [(0, 1), (0, 2), (0, 6), (2, 3), (2, 4), (4, 5), (4, 7)], [0, 1, 2, 1, 3, 0, 0, 2, 2, 3, 0, 1, 0, 0] failed because: 21
Received graph <[0, 1, 2, 3, 4, 5, 6, 7], [(0, 1), (0, 3), (1, 2), (2, 5), (3, 4), (3, 6), (5, 7)], [3, 2, 3, 2, 1, 3, 2, 3, 2, 1, 0, 2, 3, 3] <class 'envs.graph_building_env.Graph'>
XML robot of <[0, 1, 2, 3, 4, 5, 6, 7], [(0, 1), (0, 3), (1, 2), (2, 5), (3, 4), (3, 6), (5, 7)], [3, 2, 3, 2, 1, 3, 2, 3, 2, 1, 0, 2, 3, 3] failed because: 19
Received graph <[0, 1, 2, 3, 4, 5, 6, 7], [(0, 1), (0, 2), (0, 4), (0, 6), (2, 3), (2, 7), (4, 5)], [3, 0, 0, 3, 2, 1, 1, 2, 0, 0, 2, 2, 0, 0] <class 'envs.graph_building_env.Graph'>
XML robot of <[0, 1, 2, 3, 4, 5, 6, 7], [(0, 1), (0, 2), (0, 4), (0, 6), (2, 3), (2, 7), (4, 5)], [3, 0, 0, 3, 2, 1, 1, 2, 0, 0, 2, 2, 0, 0] failed because: 23
Received graph <[0, 1, 2, 3, 4, 5, 6, 7], [(0, 1), (0, 3), (0, 6), (1, 2), (1, 7), (2, 5), (3, 4)], [1, 1, 3, 0, 2, 0, 2, 0, 3, 3, 0, 3, 3, 1] <class 'envs.graph_building_env.Graph'>
XML robot of <[0, 1, 2, 3, 4, 5, 6, 7], [(0, 1), (0, 3), (0, 6), (1, 2), (1, 7), (2, 5), (3, 4)], [1, 1, 3, 0, 2, 0, 2, 0, 3, 3, 0, 3, 3, 1] failed because: 19
Received graph <[0, 1, 2, 3, 4, 5, 6, 7], [(0, 1), (0, 2), (0, 7), (1, 3), (1, 5), (3, 4), (3, 6)], [1, 3, 1, 0, 3, 3, 2, 2, 1, 2, 0, 3, 0, 0] <class 'envs.graph_building_env.Graph'>
XML robot of <[0, 1, 2, 3, 4, 5, 6, 7], [(0, 1), (0, 2), (0, 7), (1, 3), (1, 5), (3, 4), (3, 6)], [1, 3, 1, 0, 3, 3, 2, 2, 1, 2, 0, 3, 0, 0] failed because: 17
Received graph <[0, 1, 2, 3, 4, 5, 6, 7], [(0, 1), (0, 2), (0, 3), (0, 6), (1, 4), (2, 5), (6, 7)], [0, 3, 2, 3, 1, 1, 0, 2, 0, 0, 1, 2, 2, 3] <class 'envs.graph_building_env.Graph'>
XML robot of <[0, 1, 2, 3, 4, 5, 6, 7], [(0, 1), (0, 2), (0, 3), (0, 6), (1, 4), (2, 5), (6, 7)], [0, 3, 2, 3, 1, 1, 0, 2, 0, 0, 1, 2, 2, 3] failed because: 24
Received graph <[0, 1, 2, 3, 4, 5, 6, 7], [(0, 1), (0, 2), (0, 7), (1, 5), (2, 3), (2, 4), (2, 6)], [1, 0, 2, 1, 1, 3, 0, 2, 2, 2, 0, 0, 3, 2] <class 'envs.graph_building_env.Graph'>
XML robot of <[0, 1, 2, 3, 4, 5, 6, 7], [(0, 1), (0, 2), (0, 7), (1, 5), (2, 3), (2, 4), (2, 6)], [1, 0, 2, 1, 1, 3, 0, 2, 2, 2, 0, 0, 3, 2] failed because: 16
Received graph <[0, 1, 2, 3, 4, 5, 6, 7], [(0, 1), (0, 2), (1, 5), (2, 3), (3, 4), (3, 6), (6, 7)], [2, 2, 2, 0, 1, 0, 0, 1, 2, 2, 3, 2, 2, 3] <class 'envs.graph_building_env.Graph'>
XML robot of <[0, 1, 2, 3, 4, 5, 6, 7], [(0, 1), (0, 2), (1, 5), (2, 3), (3, 4), (3, 6), (6, 7)], [2, 2, 2, 0, 1, 0, 0, 1, 2, 2, 3, 2, 2, 3] failed because: 17
Received graph <[0, 1, 2, 3, 4, 5, 6, 7], [(0, 1), (0, 2), (0, 5), (0, 6), (2, 3), (2, 4), (2, 7)], [3, 3, 2, 1, 2, 2, 1, 0, 0, 1, 3, 1, 3, 3] <class 'envs.graph_building_env.Graph'>
XML robot of <[0, 1, 2, 3, 4, 5, 6, 7], [(0, 1), (0, 2), (0, 5), (0, 6), (2, 3), (2, 4), (2, 7)], [3, 3, 2, 1, 2, 2, 1, 0, 0, 1, 3, 1, 3, 3] failed because: 16
Received graph <[0, 1, 2, 3, 4, 5, 6, 7], [(0, 1), (1, 2), (1, 4), (1, 5), (2, 3), (3, 6), (6, 7)], [1, 1, 1, 2, 3, 0, 0, 2, 2, 3, 1, 2, 3, 0] <class 'envs.graph_building_env.Graph'>
XML robot of <[0, 1, 2, 3, 4, 5, 6, 7], [(0, 1), (1, 2), (1, 4), (1, 5), (2, 3), (3, 6), (6, 7)], [1, 1, 1, 2, 3, 0, 0, 2, 2, 3, 1, 2, 3, 0] failed because: 21
Received graph <[0, 1, 2, 3, 4, 5, 6, 7], [(0, 1), (0, 3), (0, 4), (1, 2), (3, 7), (4, 5), (4, 6)], [3, 1, 1, 0, 1, 2, 3, 3, 0, 3, 3, 0, 3, 0] <class 'envs.graph_building_env.Graph'>
XML robot of <[0, 1, 2, 3, 4, 5, 6, 7], [(0, 1), (0, 3), (0, 4), (1, 2), (3, 7), (4, 5), (4, 6)], [3, 1, 1, 0, 1, 2, 3, 3, 0, 3, 3, 0, 3, 0] failed because: 17
Received graph <[0, 1, 2, 3, 4, 5, 6, 7], [(0, 1), (0, 2), (0, 4), (0, 5), (1, 3), (3, 7), (4, 6)], [2, 0, 1, 3, 3, 3, 0, 0, 3, 2, 3, 1, 2, 1] <class 'envs.graph_building_env.Graph'>
XML robot of <[0, 1, 2, 3, 4, 5, 6, 7], [(0, 1), (0, 2), (0, 4), (0, 5), (1, 3), (3, 7), (4, 6)], [2, 0, 1, 3, 3, 3, 0, 0, 3, 2, 3, 1, 2, 1] failed because: 22
Received graph <[0, 1, 2, 3, 4, 5, 6, 7], [(0, 1), (0, 3), (0, 6), (1, 2), (2, 5), (2, 7), (3, 4)], [3, 2, 2, 2, 1, 3, 1, 3, 1, 2, 1, 0, 3, 1] <class 'envs.graph_building_env.Graph'>
XML robot of <[0, 1, 2, 3, 4, 5, 6, 7], [(0, 1), (0, 3), (0, 6), (1, 2), (2, 5), (2, 7), (3, 4)], [3, 2, 2, 2, 1, 3, 1, 3, 1, 2, 1, 0, 3, 1] failed because: 19
Received graph <[0, 1, 2, 3, 4, 5, 6, 7], [(0, 1), (0, 5), (1, 2), (1, 3), (2, 4), (2, 7), (5, 6)], [1, 0, 3, 2, 2, 0, 3, 2, 0, 0, 0, 3, 2, 1] <class 'envs.graph_building_env.Graph'>
XML robot of <[0, 1, 2, 3, 4, 5, 6, 7], [(0, 1), (0, 5), (1, 2), (1, 3), (2, 4), (2, 7), (5, 6)], [1, 0, 3, 2, 2, 0, 3, 2, 0, 0, 0, 3, 2, 1] failed because: 22
Received graph <[0, 1, 2, 3, 4, 5, 6, 7], [(0, 1), (0, 2), (0, 3), (1, 5), (2, 4), (4, 6), (5, 7)], [1, 2, 2, 0, 0, 0, 3, 2, 2, 2, 1, 0, 0, 0] <class 'envs.graph_building_env.Graph'>
XML robot of <[0, 1, 2, 3, 4, 5, 6, 7], [(0, 1), (0, 2), (0, 3), (1, 5), (2, 4), (4, 6), (5, 7)], [1, 2, 2, 0, 0, 0, 3, 2, 2, 2, 1, 0, 0, 0] failed because: 18
Received graph <[0, 1, 2, 3, 4, 5, 6, 7], [(0, 1), (0, 2), (0, 4), (2, 3), (2, 5), (4, 7), (5, 6)], [1, 2, 3, 3, 0, 0, 1, 0, 2, 1, 3, 2, 3, 2] <class 'envs.graph_building_env.Graph'>
XML robot of <[0, 1, 2, 3, 4, 5, 6, 7], [(0, 1), (0, 2), (0, 4), (2, 3), (2, 5), (4, 7), (5, 6)], [1, 2, 3, 3, 0, 0, 1, 0, 2, 1, 3, 2, 3, 2] failed because: 20
Received graph <[0, 1, 2, 3, 4, 5, 6, 7], [(0, 1), (0, 2), (0, 5), (1, 4), (1, 6), (2, 3), (4, 7)], [1, 3, 3, 2, 0, 0, 2, 1, 1, 0, 3, 0, 3, 0] <class 'envs.graph_building_env.Graph'>
XML robot of <[0, 1, 2, 3, 4, 5, 6, 7], [(0, 1), (0, 2), (0, 5), (1, 4), (1, 6), (2, 3), (4, 7)], [1, 3, 3, 2, 0, 0, 2, 1, 1, 0, 3, 0, 3, 0] failed because: 19
Received graph <[0, 1, 2, 3, 4, 5, 6, 7], [(0, 1), (0, 4), (1, 2), (1, 3), (1, 5), (2, 6), (4, 7)], [2, 1, 1, 3, 2, 2, 3, 3, 2, 0, 3, 0, 3, 3] <class 'envs.graph_building_env.Graph'>
XML robot of <[0, 1, 2, 3, 4, 5, 6, 7], [(0, 1), (0, 4), (1, 2), (1, 3), (1, 5), (2, 6), (4, 7)], [2, 1, 1, 3, 2, 2, 3, 3, 2, 0, 3, 0, 3, 3] failed because: 22
Received graph <[0, 1, 2, 3, 4, 5, 6, 7], [(0, 1), (0, 3), (0, 4), (1, 2), (3, 5), (3, 6), (3, 7)], [1, 1, 2, 2, 0, 3, 0, 3, 0, 3, 0, 3, 1, 1] <class 'envs.graph_building_env.Graph'>
XML robot of <[0, 1, 2, 3, 4, 5, 6, 7], [(0, 1), (0, 3), (0, 4), (1, 2), (3, 5), (3, 6), (3, 7)], [1, 1, 2, 2, 0, 3, 0, 3, 0, 3, 0, 3, 1, 1] failed because: 21
Received graph <[0, 1, 2, 3, 4, 5, 6, 7], [(0, 1), (0, 2), (0, 3), (2, 4), (3, 6), (4, 5), (5, 7)], [2, 2, 3, 2, 1, 1, 0, 1, 2, 0, 3, 2, 1, 3] <class 'envs.graph_building_env.Graph'>
XML robot of <[0, 1, 2, 3, 4, 5, 6, 7], [(0, 1), (0, 2), (0, 3), (2, 4), (3, 6), (4, 5), (5, 7)], [2, 2, 3, 2, 1, 1, 0, 1, 2, 0, 3, 2, 1, 3] failed because: 22
Received graph <[0, 1, 2, 3, 4, 5, 6, 7], [(0, 1), (0, 2), (0, 3), (2, 4), (4, 5), (4, 7), (5, 6)], [0, 0, 1, 2, 2, 1, 2, 2, 1, 0, 1, 1, 3, 2] <class 'envs.graph_building_env.Graph'>
XML robot of <[0, 1, 2, 3, 4, 5, 6, 7], [(0, 1), (0, 2), (0, 3), (2, 4), (4, 5), (4, 7), (5, 6)], [0, 0, 1, 2, 2, 1, 2, 2, 1, 0, 1, 1, 3, 2] failed because: 19
Received graph <[0, 1, 2, 3, 4, 5, 6, 7], [(0, 1), (0, 2), (0, 5), (0, 6), (2, 3), (2, 4), (4, 7)], [0, 3, 2, 3, 0, 2, 1, 1, 1, 3, 2, 0, 1, 1] <class 'envs.graph_building_env.Graph'>
XML robot of <[0, 1, 2, 3, 4, 5, 6, 7], [(0, 1), (0, 2), (0, 5), (0, 6), (2, 3), (2, 4), (4, 7)], [0, 3, 2, 3, 0, 2, 1, 1, 1, 3, 2, 0, 1, 1] failed because: 21
Received graph <[0, 1, 2, 3, 4, 5, 6, 7], [(0, 1), (0, 2), (0, 3), (0, 4), (3, 5), (3, 6), (4, 7)], [1, 3, 0, 2, 2, 2, 2, 1, 3, 2, 0, 3, 1, 1] <class 'envs.graph_building_env.Graph'>
XML robot of <[0, 1, 2, 3, 4, 5, 6, 7], [(0, 1), (0, 2), (0, 3), (0, 4), (3, 5), (3, 6), (4, 7)], [1, 3, 0, 2, 2, 2, 2, 1, 3, 2, 0, 3, 1, 1] failed because: 20
eprewmeans []
Max value & mean, median, std.dev N/A 0 0 0
21/10/2024 10:06:28 - INFO - logger - iteration 1 : warming up replay buffer 25/10000
Updated max_nodes to 10 at iteration 2
gum_beta 10.0
Received graph <[0, 1, 2, 3, 4, 5, 6, 7, 8, 9], [(0, 1), (0, 2), (0, 6), (0, 8), (1, 3), (1, 4), (1, 9), (2, 5), (3, 7)], [0, 1, 2, 2, 3, 1, 1, 0, 0, 0, 3, 1, 2, 3, 2, 1, 1, 2] <class 'envs.graph_building_env.Graph'>
XML robot of <[0, 1, 2, 3, 4, 5, 6, 7, 8, 9], [(0, 1), (0, 2), (0, 6), (0, 8), (1, 3), (1, 4), (1, 9), (2, 5), (3, 7)], [0, 1, 2, 2, 3, 1, 1, 0, 0, 0, 3, 1, 2, 3, 2, 1, 1, 2] failed because: 18
Received graph <[0, 1, 2, 3, 4, 5, 6, 7, 8, 9], [(0, 1), (0, 2), (1, 8), (2, 3), (2, 4), (2, 6), (4, 5), (4, 7), (6, 9)], [2, 3, 1, 3, 0, 1, 0, 2, 3, 1, 2, 2, 1, 1, 0, 1, 3, 0] <class 'envs.graph_building_env.Graph'>
XML robot of <[0, 1, 2, 3, 4, 5, 6, 7, 8, 9], [(0, 1), (0, 2), (1, 8), (2, 3), (2, 4), (2, 6), (4, 5), (4, 7), (6, 9)], [2, 3, 1, 3, 0, 1, 0, 2, 3, 1, 2, 2, 1, 1, 0, 1, 3, 0] failed because: 24
Received graph <[0, 1, 2, 3, 4, 5, 6, 7, 8, 9], [(0, 1), (0, 2), (1, 3), (2, 4), (2, 5), (3, 7), (4, 6), (6, 8), (8, 9)], [2, 2, 1, 0, 3, 3, 2, 2, 0, 1, 2, 2, 0, 0, 2, 2, 3, 3] <class 'envs.graph_building_env.Graph'>
XML robot of <[0, 1, 2, 3, 4, 5, 6, 7, 8, 9], [(0, 1), (0, 2), (1, 3), (2, 4), (2, 5), (3, 7), (4, 6), (6, 8), (8, 9)], [2, 2, 1, 0, 3, 3, 2, 2, 0, 1, 2, 2, 0, 0, 2, 2, 3, 3] failed because: 22
Received graph <[0, 1, 2, 3, 4, 5, 6, 7, 8, 9], [(0, 1), (0, 3), (0, 8), (1, 2), (1, 6), (2, 4), (2, 7), (2, 9), (4, 5)], [0, 1, 2, 2, 1, 3, 2, 3, 1, 0, 0, 2, 1, 2, 2, 2, 1, 3] <class 'envs.graph_building_env.Graph'>
XML robot of <[0, 1, 2, 3, 4, 5, 6, 7, 8, 9], [(0, 1), (0, 3), (0, 8), (1, 2), (1, 6), (2, 4), (2, 7), (2, 9), (4, 5)], [0, 1, 2, 2, 1, 3, 2, 3, 1, 0, 0, 2, 1, 2, 2, 2, 1, 3] failed because: 22
Received graph <[0, 1, 2, 3, 4, 5, 6, 7, 8, 9], [(0, 1), (0, 7), (0, 9), (1, 2), (2, 3), (2, 6), (3, 4), (3, 5), (5, 8)], [2, 0, 3, 0, 1, 3, 2, 1, 0, 0, 2, 2, 2, 2, 1, 3, 1, 3] <class 'envs.graph_building_env.Graph'>
XML robot of <[0, 1, 2, 3, 4, 5, 6, 7, 8, 9], [(0, 1), (0, 7), (0, 9), (1, 2), (2, 3), (2, 6), (3, 4), (3, 5), (5, 8)], [2, 0, 3, 0, 1, 3, 2, 1, 0, 0, 2, 2, 2, 2, 1, 3, 1, 3] failed because: 23
Received graph <[0, 1, 2, 3, 4, 5, 6, 7, 8, 9], [(0, 1), (1, 2), (1, 3), (2, 6), (2, 7), (3, 4), (3, 5), (3, 8), (6, 9)], [0, 1, 0, 1, 2, 0, 3, 2, 2, 3, 3, 2, 1, 0, 2, 3, 1, 3] <class 'envs.graph_building_env.Graph'>
XML robot of <[0, 1, 2, 3, 4, 5, 6, 7, 8, 9], [(0, 1), (1, 2), (1, 3), (2, 6), (2, 7), (3, 4), (3, 5), (3, 8), (6, 9)], [0, 1, 0, 1, 2, 0, 3, 2, 2, 3, 3, 2, 1, 0, 2, 3, 1, 3] failed because: 16
Received graph <[0, 1, 2, 3, 4, 5, 6, 7, 8, 9], [(0, 1), (0, 4), (0, 5), (1, 2), (2, 3), (3, 7), (5, 6), (6, 8), (7, 9)], [2, 2, 3, 3, 1, 0, 0, 1, 0, 0, 2, 2, 2, 1, 2, 3, 1, 0] <class 'envs.graph_building_env.Graph'>
XML robot of <[0, 1, 2, 3, 4, 5, 6, 7, 8, 9], [(0, 1), (0, 4), (0, 5), (1, 2), (2, 3), (3, 7), (5, 6), (6, 8), (7, 9)], [2, 2, 3, 3, 1, 0, 0, 1, 0, 0, 2, 2, 2, 1, 2, 3, 1, 0] failed because: 23
Received graph <[0, 1, 2, 3, 4, 5, 6, 7, 8, 9], [(0, 1), (1, 2), (1, 7), (2, 3), (2, 4), (2, 9), (3, 6), (4, 5), (7, 8)], [3, 0, 1, 3, 0, 2, 2, 3, 0, 0, 0, 2, 2, 3, 2, 1, 2, 1] <class 'envs.graph_building_env.Graph'>
XML robot of <[0, 1, 2, 3, 4, 5, 6, 7, 8, 9], [(0, 1), (1, 2), (1, 7), (2, 3), (2, 4), (2, 9), (3, 6), (4, 5), (7, 8)], [3, 0, 1, 3, 0, 2, 2, 3, 0, 0, 0, 2, 2, 3, 2, 1, 2, 1] failed because: 17
Received graph <[0, 1, 2, 3, 4, 5, 6, 7, 8, 9], [(0, 1), (0, 2), (0, 6), (0, 9), (2, 3), (2, 4), (2, 5), (5, 8), (6, 7)], [0, 1, 2, 2, 3, 0, 3, 2, 2, 1, 3, 1, 2, 0, 0, 1, 2, 1] <class 'envs.graph_building_env.Graph'>
XML robot of <[0, 1, 2, 3, 4, 5, 6, 7, 8, 9], [(0, 1), (0, 2), (0, 6), (0, 9), (2, 3), (2, 4), (2, 5), (5, 8), (6, 7)], [0, 1, 2, 2, 3, 0, 3, 2, 2, 1, 3, 1, 2, 0, 0, 1, 2, 1] failed because: 17
Received graph <[0, 1, 2, 3, 4, 5, 6, 7, 8, 9], [(0, 1), (0, 2), (1, 3), (1, 9), (3, 4), (4, 5), (4, 6), (6, 7), (7, 8)], [3, 0, 1, 3, 1, 2, 2, 1, 1, 0, 3, 0, 0, 2, 2, 2, 1, 0] <class 'envs.graph_building_env.Graph'>
XML robot of <[0, 1, 2, 3, 4, 5, 6, 7, 8, 9], [(0, 1), (0, 2), (1, 3), (1, 9), (3, 4), (4, 5), (4, 6), (6, 7), (7, 8)], [3, 0, 1, 3, 1, 2, 2, 1, 1, 0, 3, 0, 0, 2, 2, 2, 1, 0] failed because: 17
Received graph <[0, 1, 2, 3, 4, 5, 6, 7, 8, 9], [(0, 1), (0, 5), (1, 2), (1, 8), (2, 3), (2, 4), (2, 6), (4, 7), (6, 9)], [0, 2, 1, 3, 2, 3, 3, 1, 1, 1, 0, 3, 3, 2, 0, 2, 2, 2] <class 'envs.graph_building_env.Graph'>
XML robot of <[0, 1, 2, 3, 4, 5, 6, 7, 8, 9], [(0, 1), (0, 5), (1, 2), (1, 8), (2, 3), (2, 4), (2, 6), (4, 7), (6, 9)], [0, 2, 1, 3, 2, 3, 3, 1, 1, 1, 0, 3, 3, 2, 0, 2, 2, 2] failed because: 21
Received graph <[0, 1, 2, 3, 4, 5, 6, 7, 8, 9], [(0, 1), (0, 2), (0, 4), (0, 9), (1, 3), (2, 5), (3, 6), (4, 7), (5, 8)], [3, 3, 2, 3, 3, 0, 2, 1, 3, 2, 0, 3, 1, 3, 3, 0, 2, 1] <class 'envs.graph_building_env.Graph'>
 $$$$$$$ XML robot: Success /home/knagiredla/robonet/logs/exp_GSCA_10_flat_base_walker_300_000_134_1729465582/train/robot_10_279000.0_1729470466.xml
Received graph <[0, 1, 2, 3, 4, 5, 6, 7, 8, 9], [(0, 1), (0, 8), (1, 2), (1, 3), (2, 4), (2, 5), (5, 6), (6, 7), (6, 9)], [2, 3, 2, 0, 1, 1, 2, 1, 2, 0, 3, 0, 3, 3, 0, 3, 1, 1] <class 'envs.graph_building_env.Graph'>
XML robot of <[0, 1, 2, 3, 4, 5, 6, 7, 8, 9], [(0, 1), (0, 8), (1, 2), (1, 3), (2, 4), (2, 5), (5, 6), (6, 7), (6, 9)], [2, 3, 2, 0, 1, 1, 2, 1, 2, 0, 3, 0, 3, 3, 0, 3, 1, 1] failed because: 17
Received graph <[0, 1, 2, 3, 4, 5, 6, 7, 8, 9], [(0, 1), (0, 5), (1, 2), (1, 3), (2, 4), (4, 7), (5, 6), (5, 8), (5, 9)], [2, 1, 0, 1, 0, 1, 3, 1, 0, 3, 3, 2, 0, 0, 0, 2, 3, 3] <class 'envs.graph_building_env.Graph'>
XML robot of <[0, 1, 2, 3, 4, 5, 6, 7, 8, 9], [(0, 1), (0, 5), (1, 2), (1, 3), (2, 4), (4, 7), (5, 6), (5, 8), (5, 9)], [2, 1, 0, 1, 0, 1, 3, 1, 0, 3, 3, 2, 0, 0, 0, 2, 3, 3] failed because: 17
Received graph <[0, 1, 2, 3, 4, 5, 6, 7, 8, 9], [(0, 1), (0, 3), (0, 5), (0, 8), (1, 2), (1, 4), (1, 6), (2, 7), (8, 9)], [0, 3, 0, 1, 1, 2, 1, 3, 1, 0, 2, 0, 0, 2, 1, 0, 3, 3] <class 'envs.graph_building_env.Graph'>
XML robot of <[0, 1, 2, 3, 4, 5, 6, 7, 8, 9], [(0, 1), (0, 3), (0, 5), (0, 8), (1, 2), (1, 4), (1, 6), (2, 7), (8, 9)], [0, 3, 0, 1, 1, 2, 1, 3, 1, 0, 2, 0, 0, 2, 1, 0, 3, 3] failed because: 16
Received graph <[0, 1, 2, 3, 4, 5, 6, 7, 8, 9], [(0, 1), (0, 5), (0, 7), (0, 9), (1, 2), (1, 4), (2, 3), (2, 6), (3, 8)], [1, 1, 0, 0, 3, 1, 2, 3, 2, 1, 3, 0, 3, 1, 1, 2, 0, 3] <class 'envs.graph_building_env.Graph'>
XML robot of <[0, 1, 2, 3, 4, 5, 6, 7, 8, 9], [(0, 1), (0, 5), (0, 7), (0, 9), (1, 2), (1, 4), (2, 3), (2, 6), (3, 8)], [1, 1, 0, 0, 3, 1, 2, 3, 2, 1, 3, 0, 3, 1, 1, 2, 0, 3] failed because: 21
Received graph <[0, 1, 2, 3, 4, 5, 6, 7, 8, 9], [(0, 1), (0, 7), (1, 2), (1, 3), (1, 4), (2, 5), (2, 9), (5, 6), (7, 8)], [0, 0, 2, 2, 3, 1, 3, 2, 3, 3, 3, 0, 2, 1, 3, 0, 1, 0] <class 'envs.graph_building_env.Graph'>
XML robot of <[0, 1, 2, 3, 4, 5, 6, 7, 8, 9], [(0, 1), (0, 7), (1, 2), (1, 3), (1, 4), (2, 5), (2, 9), (5, 6), (7, 8)], [0, 0, 2, 2, 3, 1, 3, 2, 3, 3, 3, 0, 2, 1, 3, 0, 1, 0] failed because: 22
Received graph <[0, 1, 2, 3, 4, 5, 6, 7, 8, 9], [(0, 1), (1, 2), (1, 3), (1, 7), (2, 4), (4, 5), (4, 9), (5, 6), (7, 8)], [2, 3, 3, 0, 2, 1, 0, 0, 3, 2, 2, 3, 0, 2, 0, 1, 2, 0] <class 'envs.graph_building_env.Graph'>
XML robot of <[0, 1, 2, 3, 4, 5, 6, 7, 8, 9], [(0, 1), (1, 2), (1, 3), (1, 7), (2, 4), (4, 5), (4, 9), (5, 6), (7, 8)], [2, 3, 3, 0, 2, 1, 0, 0, 3, 2, 2, 3, 0, 2, 0, 1, 2, 0] failed because: 17
Received graph <[0, 1, 2, 3, 4, 5, 6, 7, 8, 9], [(0, 1), (1, 2), (2, 3), (2, 4), (2, 6), (4, 5), (6, 7), (6, 8), (7, 9)], [1, 2, 1, 3, 0, 0, 2, 0, 1, 3, 2, 1, 3, 0, 1, 0, 2, 2] <class 'envs.graph_building_env.Graph'>
XML robot of <[0, 1, 2, 3, 4, 5, 6, 7, 8, 9], [(0, 1), (1, 2), (2, 3), (2, 4), (2, 6), (4, 5), (6, 7), (6, 8), (7, 9)], [1, 2, 1, 3, 0, 0, 2, 0, 1, 3, 2, 1, 3, 0, 1, 0, 2, 2] failed because: 21
Received graph <[0, 1, 2, 3, 4, 5, 6, 7, 8, 9], [(0, 1), (0, 2), (0, 3), (1, 9), (2, 4), (2, 5), (4, 6), (4, 8), (5, 7)], [2, 2, 3, 0, 1, 1, 0, 0, 2, 1, 1, 3, 0, 3, 3, 3, 0, 3] <class 'envs.graph_building_env.Graph'>
