Logging to /home/knagiredla/robonet/logs/exp_GSCA_10_flat_base_ant_300_000_134_1729465526/policies
time_steps 204000
Using cpu device
Wrapping the env with a `Monitor` wrapper
Wrapping the env in a DummyVecEnv.
env.observation_space Box(-inf, inf, (81,), float64)
self.keys, shapes, dtypes [None] {None: (81,)} {None: dtype('float64')}
---------------------------------
| rollout/           |          |
|    ep_len_mean     | 10.9     |
|    ep_rew_mean     | 4.67     |
| time/              |          |
|    fps             | 1265     |
|    iterations      | 1        |
|    time_elapsed    | 1        |
|    total_timesteps | 2048     |
---------------------------------
------------------------------------------
| rollout/                |              |
|    ep_len_mean          | 11.4         |
|    ep_rew_mean          | 5.38         |
| time/                   |              |
|    fps                  | 1034         |
|    iterations           | 2            |
|    time_elapsed         | 3            |
|    total_timesteps      | 4096         |
| train/                  |              |
|    approx_kl            | 0.0008706491 |
|    clip_fraction        | 0.00532      |
|    clip_range           | 0.1          |
|    entropy_loss         | -11.4        |
|    explained_variance   | -0.00177     |
|    learning_rate        | 0.0001       |
|    loss                 | 17.8         |
|    n_updates            | 10           |
|    policy_gradient_loss | -0.00469     |
|    std                  | 1            |
|    value_loss           | 36.3         |
------------------------------------------
-------------------------------------------
| rollout/                |               |
|    ep_len_mean          | 12.2          |
|    ep_rew_mean          | 5.84          |
| time/                   |               |
|    fps                  | 975           |
|    iterations           | 3             |
|    time_elapsed         | 6             |
|    total_timesteps      | 6144          |
| train/                  |               |
|    approx_kl            | 0.00046443523 |
|    clip_fraction        | 0.000635      |
|    clip_range           | 0.1           |
|    entropy_loss         | -11.4         |
|    explained_variance   | -0.00917      |
|    learning_rate        | 0.0001        |
|    loss                 | 15.8          |
|    n_updates            | 20            |
|    policy_gradient_loss | -0.00234      |
|    std                  | 1             |
|    value_loss           | 32.2          |
-------------------------------------------
-------------------------------------------
| rollout/                |               |
|    ep_len_mean          | 13.3          |
|    ep_rew_mean          | 5.48          |
| time/                   |               |
|    fps                  | 948           |
|    iterations           | 4             |
|    time_elapsed         | 8             |
|    total_timesteps      | 8192          |
| train/                  |               |
|    approx_kl            | 0.00038956292 |
|    clip_fraction        | 0.000439      |
|    clip_range           | 0.1           |
|    entropy_loss         | -11.4         |
|    explained_variance   | 0.0025        |
|    learning_rate        | 0.0001        |
|    loss                 | 22.5          |
|    n_updates            | 30            |
|    policy_gradient_loss | -0.00233      |
|    std                  | 1             |
|    value_loss           | 45.6          |
-------------------------------------------
------------------------------------------
| rollout/                |              |
|    ep_len_mean          | 12           |
|    ep_rew_mean          | 5.94         |
| time/                   |              |
|    fps                  | 933          |
|    iterations           | 5            |
|    time_elapsed         | 10           |
|    total_timesteps      | 10240        |
| train/                  |              |
|    approx_kl            | 0.0005543718 |
|    clip_fraction        | 0.00186      |
|    clip_range           | 0.1          |
|    entropy_loss         | -11.4        |
|    explained_variance   | -0.0104      |
|    learning_rate        | 0.0001       |
|    loss                 | 21.8         |
|    n_updates            | 40           |
|    policy_gradient_loss | -0.00244     |
|    std                  | 1            |
|    value_loss           | 44.2         |
------------------------------------------
-------------------------------------------
| rollout/                |               |
|    ep_len_mean          | 14.2          |
|    ep_rew_mean          | 8.01          |
| time/                   |               |
|    fps                  | 923           |
|    iterations           | 6             |
|    time_elapsed         | 13            |
|    total_timesteps      | 12288         |
| train/                  |               |
|    approx_kl            | 0.00050562597 |
|    clip_fraction        | 0.00181       |
|    clip_range           | 0.1           |
|    entropy_loss         | -11.4         |
|    explained_variance   | 0.00421       |
|    learning_rate        | 0.0001        |
|    loss                 | 18.3          |
|    n_updates            | 50            |
|    policy_gradient_loss | -0.00223      |
|    std                  | 1             |
|    value_loss           | 37.2          |
-------------------------------------------
-----------------------------------------
| rollout/                |             |
|    ep_len_mean          | 11          |
|    ep_rew_mean          | 6.01        |
| time/                   |             |
|    fps                  | 917         |
|    iterations           | 7           |
|    time_elapsed         | 15          |
|    total_timesteps      | 14336       |
| train/                  |             |
|    approx_kl            | 0.000369344 |
|    clip_fraction        | 0.000195    |
|    clip_range           | 0.1         |
|    entropy_loss         | -11.4       |
|    explained_variance   | 0.00966     |
|    learning_rate        | 0.0001      |
|    loss                 | 33.5        |
|    n_updates            | 60          |
|    policy_gradient_loss | -0.00181    |
|    std                  | 1           |
|    value_loss           | 67.8        |
-----------------------------------------
-------------------------------------------
| rollout/                |               |
|    ep_len_mean          | 11.8          |
|    ep_rew_mean          | 5.77          |
| time/                   |               |
|    fps                  | 913           |
|    iterations           | 8             |
|    time_elapsed         | 17            |
|    total_timesteps      | 16384         |
| train/                  |               |
|    approx_kl            | 0.00047138732 |
|    clip_fraction        | 0.00122       |
|    clip_range           | 0.1           |
|    entropy_loss         | -11.4         |
|    explained_variance   | 0.00198       |
|    learning_rate        | 0.0001        |
|    loss                 | 17.5          |
|    n_updates            | 70            |
|    policy_gradient_loss | -0.00262      |
|    std                  | 1             |
|    value_loss           | 35.5          |
-------------------------------------------
-------------------------------------------
| rollout/                |               |
|    ep_len_mean          | 15.4          |
|    ep_rew_mean          | 8.14          |
| time/                   |               |
|    fps                  | 910           |
|    iterations           | 9             |
|    time_elapsed         | 20            |
|    total_timesteps      | 18432         |
| train/                  |               |
|    approx_kl            | 0.00039096735 |
|    clip_fraction        | 0.000781      |
|    clip_range           | 0.1           |
|    entropy_loss         | -11.4         |
|    explained_variance   | -0.00383      |
|    learning_rate        | 0.0001        |
|    loss                 | 22.4          |
|    n_updates            | 80            |
|    policy_gradient_loss | -0.00219      |
|    std                  | 1             |
|    value_loss           | 45.4          |
-------------------------------------------
-------------------------------------------
| rollout/                |               |
|    ep_len_mean          | 9.85          |
|    ep_rew_mean          | 4.77          |
| time/                   |               |
|    fps                  | 909           |
|    iterations           | 10            |
|    time_elapsed         | 22            |
|    total_timesteps      | 20480         |
| train/                  |               |
|    approx_kl            | 0.00035013823 |
|    clip_fraction        | 0.000195      |
|    clip_range           | 0.1           |
|    entropy_loss         | -11.4         |
|    explained_variance   | -0.0327       |
|    learning_rate        | 0.0001        |
|    loss                 | 23.8          |
|    n_updates            | 90            |
|    policy_gradient_loss | -0.00193      |
|    std                  | 1             |
|    value_loss           | 48.2          |
-------------------------------------------
------------------------------------------
| rollout/                |              |
|    ep_len_mean          | 11.7         |
|    ep_rew_mean          | 5.95         |
| time/                   |              |
|    fps                  | 908          |
|    iterations           | 11           |
|    time_elapsed         | 24           |
|    total_timesteps      | 22528        |
| train/                  |              |
|    approx_kl            | 0.0004211348 |
|    clip_fraction        | 0.000439     |
|    clip_range           | 0.1          |
|    entropy_loss         | -11.4        |
|    explained_variance   | 0.00124      |
|    learning_rate        | 0.0001       |
|    loss                 | 17           |
|    n_updates            | 100          |
|    policy_gradient_loss | -0.00224     |
|    std                  | 1            |
|    value_loss           | 34.6         |
------------------------------------------
------------------------------------------
| rollout/                |              |
|    ep_len_mean          | 12.1         |
|    ep_rew_mean          | 5.04         |
| time/                   |              |
|    fps                  | 907          |
|    iterations           | 12           |
|    time_elapsed         | 27           |
|    total_timesteps      | 24576        |
| train/                  |              |
|    approx_kl            | 0.0007707715 |
|    clip_fraction        | 0.00342      |
|    clip_range           | 0.1          |
|    entropy_loss         | -11.4        |
|    explained_variance   | -0.0369      |
|    learning_rate        | 0.0001       |
|    loss                 | 12.5         |
|    n_updates            | 110          |
|    policy_gradient_loss | -0.00352     |
|    std                  | 1            |
|    value_loss           | 25.6         |
------------------------------------------
------------------------------------------
| rollout/                |              |
|    ep_len_mean          | 12           |
|    ep_rew_mean          | 5.65         |
| time/                   |              |
|    fps                  | 906          |
|    iterations           | 13           |
|    time_elapsed         | 29           |
|    total_timesteps      | 26624        |
| train/                  |              |
|    approx_kl            | 0.0004147928 |
|    clip_fraction        | 0.000439     |
|    clip_range           | 0.1          |
|    entropy_loss         | -11.4        |
|    explained_variance   | -0.00152     |
|    learning_rate        | 0.0001       |
|    loss                 | 16.3         |
|    n_updates            | 120          |
|    policy_gradient_loss | -0.00121     |
|    std                  | 1            |
|    value_loss           | 33.2         |
------------------------------------------
-------------------------------------------
| rollout/                |               |
|    ep_len_mean          | 11.4          |
|    ep_rew_mean          | 5.59          |
| time/                   |               |
|    fps                  | 905           |
|    iterations           | 14            |
|    time_elapsed         | 31            |
|    total_timesteps      | 28672         |
| train/                  |               |
|    approx_kl            | 0.00041660425 |
|    clip_fraction        | 0.000293      |
|    clip_range           | 0.1           |
|    entropy_loss         | -11.4         |
|    explained_variance   | 0.0192        |
|    learning_rate        | 0.0001        |
|    loss                 | 22.2          |
|    n_updates            | 130           |
|    policy_gradient_loss | -0.0024       |
|    std                  | 1             |
|    value_loss           | 45            |
-------------------------------------------
-------------------------------------------
| rollout/                |               |
|    ep_len_mean          | 12.2          |
|    ep_rew_mean          | 5.08          |
| time/                   |               |
|    fps                  | 904           |
|    iterations           | 15            |
|    time_elapsed         | 33            |
|    total_timesteps      | 30720         |
| train/                  |               |
|    approx_kl            | 0.00037915105 |
|    clip_fraction        | 0.000439      |
|    clip_range           | 0.1           |
|    entropy_loss         | -11.4         |
|    explained_variance   | -0.00863      |
|    learning_rate        | 0.0001        |
|    loss                 | 17.7          |
|    n_updates            | 140           |
|    policy_gradient_loss | -0.00229      |
|    std                  | 1             |
|    value_loss           | 36            |
-------------------------------------------
------------------------------------------
| rollout/                |              |
|    ep_len_mean          | 11.7         |
|    ep_rew_mean          | 5.81         |
| time/                   |              |
|    fps                  | 904          |
|    iterations           | 16           |
|    time_elapsed         | 36           |
|    total_timesteps      | 32768        |
| train/                  |              |
|    approx_kl            | 0.0007065106 |
|    clip_fraction        | 0.00293      |
|    clip_range           | 0.1          |
|    entropy_loss         | -11.4        |
|    explained_variance   | 0.013        |
|    learning_rate        | 0.0001       |
|    loss                 | 15           |
|    n_updates            | 150          |
|    policy_gradient_loss | -0.00298     |
|    std                  | 1            |
|    value_loss           | 30.5         |
------------------------------------------
------------------------------------------
| rollout/                |              |
|    ep_len_mean          | 10.4         |
|    ep_rew_mean          | 4.21         |
| time/                   |              |
|    fps                  | 903          |
|    iterations           | 17           |
|    time_elapsed         | 38           |
|    total_timesteps      | 34816        |
| train/                  |              |
|    approx_kl            | 0.0005631366 |
|    clip_fraction        | 0.00254      |
|    clip_range           | 0.1          |
|    entropy_loss         | -11.4        |
|    explained_variance   | 0.0118       |
|    learning_rate        | 0.0001       |
|    loss                 | 24.5         |
|    n_updates            | 160          |
|    policy_gradient_loss | -0.00197     |
|    std                  | 1            |
|    value_loss           | 49.8         |
------------------------------------------
------------------------------------------
| rollout/                |              |
|    ep_len_mean          | 11.4         |
|    ep_rew_mean          | 5.18         |
| time/                   |              |
|    fps                  | 903          |
|    iterations           | 18           |
|    time_elapsed         | 40           |
|    total_timesteps      | 36864        |
| train/                  |              |
|    approx_kl            | 0.0005054381 |
|    clip_fraction        | 0.00103      |
|    clip_range           | 0.1          |
|    entropy_loss         | -11.4        |
|    explained_variance   | 0.0474       |
|    learning_rate        | 0.0001       |
|    loss                 | 15.1         |
|    n_updates            | 170          |
|    policy_gradient_loss | -0.00278     |
|    std                  | 1            |
|    value_loss           | 30.9         |
------------------------------------------
-------------------------------------------
| rollout/                |               |
|    ep_len_mean          | 12.4          |
|    ep_rew_mean          | 7.58          |
| time/                   |               |
|    fps                  | 902           |
|    iterations           | 19            |
|    time_elapsed         | 43            |
|    total_timesteps      | 38912         |
| train/                  |               |
|    approx_kl            | 0.00063285837 |
|    clip_fraction        | 0.00166       |
|    clip_range           | 0.1           |
|    entropy_loss         | -11.4         |
|    explained_variance   | 0.0267        |
|    learning_rate        | 0.0001        |
|    loss                 | 20.8          |
|    n_updates            | 180           |
|    policy_gradient_loss | -0.00279      |
|    std                  | 1             |
|    value_loss           | 42.2          |
-------------------------------------------
-------------------------------------------
| rollout/                |               |
|    ep_len_mean          | 12.1          |
|    ep_rew_mean          | 5.81          |
| time/                   |               |
|    fps                  | 902           |
|    iterations           | 20            |
|    time_elapsed         | 45            |
|    total_timesteps      | 40960         |
| train/                  |               |
|    approx_kl            | 0.00037106572 |
|    clip_fraction        | 9.77e-05      |
|    clip_range           | 0.1           |
|    entropy_loss         | -11.4         |
|    explained_variance   | -0.0323       |
|    learning_rate        | 0.0001        |
|    loss                 | 29.7          |
|    n_updates            | 190           |
|    policy_gradient_loss | -0.00169      |
|    std                  | 1             |
|    value_loss           | 60.4          |
-------------------------------------------
-------------------------------------------
| rollout/                |               |
|    ep_len_mean          | 12.3          |
|    ep_rew_mean          | 7.65          |
| time/                   |               |
|    fps                  | 902           |
|    iterations           | 21            |
|    time_elapsed         | 47            |
|    total_timesteps      | 43008         |
| train/                  |               |
|    approx_kl            | 0.00029017372 |
|    clip_fraction        | 4.88e-05      |
|    clip_range           | 0.1           |
|    entropy_loss         | -11.4         |
|    explained_variance   | 0.0173        |
|    learning_rate        | 0.0001        |
|    loss                 | 18.7          |
|    n_updates            | 200           |
|    policy_gradient_loss | -0.00192      |
|    std                  | 1             |
|    value_loss           | 38.1          |
-------------------------------------------
-------------------------------------------
| rollout/                |               |
|    ep_len_mean          | 11.2          |
|    ep_rew_mean          | 6.25          |
| time/                   |               |
|    fps                  | 901           |
|    iterations           | 22            |
|    time_elapsed         | 49            |
|    total_timesteps      | 45056         |
| train/                  |               |
|    approx_kl            | 0.00032458815 |
|    clip_fraction        | 4.88e-05      |
|    clip_range           | 0.1           |
|    entropy_loss         | -11.4         |
|    explained_variance   | 0.0075        |
|    learning_rate        | 0.0001        |
|    loss                 | 22.5          |
|    n_updates            | 210           |
|    policy_gradient_loss | -0.00188      |
|    std                  | 1             |
|    value_loss           | 45.9          |
-------------------------------------------
-------------------------------------------
| rollout/                |               |
|    ep_len_mean          | 12.7          |
|    ep_rew_mean          | 8.5           |
| time/                   |               |
|    fps                  | 901           |
|    iterations           | 23            |
|    time_elapsed         | 52            |
|    total_timesteps      | 47104         |
| train/                  |               |
|    approx_kl            | 0.00024095539 |
|    clip_fraction        | 9.77e-05      |
|    clip_range           | 0.1           |
|    entropy_loss         | -11.4         |
|    explained_variance   | -0.00671      |
|    learning_rate        | 0.0001        |
|    loss                 | 18            |
|    n_updates            | 220           |
|    policy_gradient_loss | -0.00163      |
|    std                  | 1             |
|    value_loss           | 36.7          |
-------------------------------------------
-------------------------------------------
| rollout/                |               |
|    ep_len_mean          | 12.7          |
|    ep_rew_mean          | 6.3           |
| time/                   |               |
|    fps                  | 901           |
|    iterations           | 24            |
|    time_elapsed         | 54            |
|    total_timesteps      | 49152         |
| train/                  |               |
|    approx_kl            | 0.00022316538 |
|    clip_fraction        | 0             |
|    clip_range           | 0.1           |
|    entropy_loss         | -11.4         |
|    explained_variance   | 0.0226        |
|    learning_rate        | 0.0001        |
|    loss                 | 26.8          |
|    n_updates            | 230           |
|    policy_gradient_loss | -0.00126      |
|    std                  | 1             |
|    value_loss           | 54.6          |
-------------------------------------------
-------------------------------------------
| rollout/                |               |
|    ep_len_mean          | 11.8          |
|    ep_rew_mean          | 5.62          |
| time/                   |               |
|    fps                  | 900           |
|    iterations           | 25            |
|    time_elapsed         | 56            |
|    total_timesteps      | 51200         |
| train/                  |               |
|    approx_kl            | 0.00019571223 |
|    clip_fraction        | 4.88e-05      |
|    clip_range           | 0.1           |
|    entropy_loss         | -11.4         |
|    explained_variance   | 0.0898        |
|    learning_rate        | 0.0001        |
|    loss                 | 23.9          |
|    n_updates            | 240           |
|    policy_gradient_loss | -0.00154      |
|    std                  | 1             |
|    value_loss           | 48.5          |
-------------------------------------------
-------------------------------------------
| rollout/                |               |
|    ep_len_mean          | 12.1          |
|    ep_rew_mean          | 6.33          |
| time/                   |               |
|    fps                  | 900           |
|    iterations           | 26            |
|    time_elapsed         | 59            |
|    total_timesteps      | 53248         |
| train/                  |               |
|    approx_kl            | 0.00033270498 |
|    clip_fraction        | 0.000293      |
|    clip_range           | 0.1           |
|    entropy_loss         | -11.4         |
|    explained_variance   | -0.00971      |
|    learning_rate        | 0.0001        |
|    loss                 | 17.4          |
|    n_updates            | 250           |
|    policy_gradient_loss | -0.00223      |
|    std                  | 1.01          |
|    value_loss           | 35.4          |
-------------------------------------------
------------------------------------------
| rollout/                |              |
|    ep_len_mean          | 12.7         |
|    ep_rew_mean          | 6.69         |
| time/                   |              |
|    fps                  | 900          |
|    iterations           | 27           |
|    time_elapsed         | 61           |
|    total_timesteps      | 55296        |
| train/                  |              |
|    approx_kl            | 0.0004165179 |
|    clip_fraction        | 0.000537     |
|    clip_range           | 0.1          |
|    entropy_loss         | -11.4        |
|    explained_variance   | 0.0183       |
|    learning_rate        | 0.0001       |
|    loss                 | 18.3         |
|    n_updates            | 260          |
|    policy_gradient_loss | -0.00228     |
|    std                  | 1.01         |
|    value_loss           | 37.1         |
------------------------------------------
-------------------------------------------
| rollout/                |               |
|    ep_len_mean          | 12.1          |
|    ep_rew_mean          | 5.99          |
| time/                   |               |
|    fps                  | 900           |
|    iterations           | 28            |
|    time_elapsed         | 63            |
|    total_timesteps      | 57344         |
| train/                  |               |
|    approx_kl            | 0.00042390928 |
|    clip_fraction        | 0.000439      |
|    clip_range           | 0.1           |
|    entropy_loss         | -11.4         |
|    explained_variance   | -0.000986     |
|    learning_rate        | 0.0001        |
|    loss                 | 24.7          |
|    n_updates            | 270           |
|    policy_gradient_loss | -0.00188      |
|    std                  | 1.01          |
|    value_loss           | 50.1          |
-------------------------------------------
-----------------------------------------
| rollout/                |             |
|    ep_len_mean          | 12.5        |
|    ep_rew_mean          | 5.71        |
| time/                   |             |
|    fps                  | 900         |
|    iterations           | 29          |
|    time_elapsed         | 65          |
|    total_timesteps      | 59392       |
| train/                  |             |
|    approx_kl            | 0.000436816 |
|    clip_fraction        | 0.000537    |
|    clip_range           | 0.1         |
|    entropy_loss         | -11.4       |
|    explained_variance   | 0.0619      |
|    learning_rate        | 0.0001      |
|    loss                 | 17.8        |
|    n_updates            | 280         |
|    policy_gradient_loss | -0.00243    |
|    std                  | 1.01        |
|    value_loss           | 36.2        |
-----------------------------------------
------------------------------------------
| rollout/                |              |
|    ep_len_mean          | 13.7         |
|    ep_rew_mean          | 6.72         |
| time/                   |              |
|    fps                  | 899          |
|    iterations           | 30           |
|    time_elapsed         | 68           |
|    total_timesteps      | 61440        |
| train/                  |              |
|    approx_kl            | 0.0005314555 |
|    clip_fraction        | 0.00127      |
|    clip_range           | 0.1          |
|    entropy_loss         | -11.4        |
|    explained_variance   | 0.0614       |
|    learning_rate        | 0.0001       |
|    loss                 | 18.3         |
|    n_updates            | 290          |
|    policy_gradient_loss | -0.00271     |
|    std                  | 1.01         |
|    value_loss           | 37.4         |
------------------------------------------
------------------------------------------
| rollout/                |              |
|    ep_len_mean          | 12.1         |
|    ep_rew_mean          | 7            |
| time/                   |              |
|    fps                  | 899          |
|    iterations           | 31           |
|    time_elapsed         | 70           |
|    total_timesteps      | 63488        |
| train/                  |              |
|    approx_kl            | 0.0004937141 |
|    clip_fraction        | 0.00083      |
|    clip_range           | 0.1          |
|    entropy_loss         | -11.4        |
|    explained_variance   | 0.0515       |
|    learning_rate        | 0.0001       |
|    loss                 | 18.8         |
|    n_updates            | 300          |
|    policy_gradient_loss | -0.00192     |
|    std                  | 1.01         |
|    value_loss           | 38.3         |
------------------------------------------
-------------------------------------------
| rollout/                |               |
|    ep_len_mean          | 12.9          |
|    ep_rew_mean          | 6.58          |
| time/                   |               |
|    fps                  | 899           |
|    iterations           | 32            |
|    time_elapsed         | 72            |
|    total_timesteps      | 65536         |
| train/                  |               |
|    approx_kl            | 0.00044174833 |
|    clip_fraction        | 0.000439      |
|    clip_range           | 0.1           |
|    entropy_loss         | -11.4         |
|    explained_variance   | 0.0792        |
|    learning_rate        | 0.0001        |
|    loss                 | 23.8          |
|    n_updates            | 310           |
|    policy_gradient_loss | -0.0025       |
|    std                  | 1.01          |
|    value_loss           | 48.2          |
-------------------------------------------
------------------------------------------
| rollout/                |              |
|    ep_len_mean          | 12.7         |
|    ep_rew_mean          | 6.99         |
| time/                   |              |
|    fps                  | 899          |
|    iterations           | 33           |
|    time_elapsed         | 75           |
|    total_timesteps      | 67584        |
| train/                  |              |
|    approx_kl            | 0.0006245207 |
|    clip_fraction        | 0.00127      |
|    clip_range           | 0.1          |
|    entropy_loss         | -11.4        |
|    explained_variance   | 0.0767       |
|    learning_rate        | 0.0001       |
|    loss                 | 17.9         |
|    n_updates            | 320          |
|    policy_gradient_loss | -0.0027      |
|    std                  | 1.01         |
|    value_loss           | 36.5         |
------------------------------------------
------------------------------------------
| rollout/                |              |
|    ep_len_mean          | 12.2         |
|    ep_rew_mean          | 6.31         |
| time/                   |              |
|    fps                  | 899          |
|    iterations           | 34           |
|    time_elapsed         | 77           |
|    total_timesteps      | 69632        |
| train/                  |              |
|    approx_kl            | 0.0006756963 |
|    clip_fraction        | 0.00278      |
|    clip_range           | 0.1          |
|    entropy_loss         | -11.4        |
|    explained_variance   | 0.106        |
|    learning_rate        | 0.0001       |
|    loss                 | 34.2         |
|    n_updates            | 330          |
|    policy_gradient_loss | -0.00248     |
|    std                  | 1.01         |
|    value_loss           | 69.5         |
------------------------------------------
-------------------------------------------
| rollout/                |               |
|    ep_len_mean          | 11.5          |
|    ep_rew_mean          | 6.02          |
| time/                   |               |
|    fps                  | 899           |
|    iterations           | 35            |
|    time_elapsed         | 79            |
|    total_timesteps      | 71680         |
| train/                  |               |
|    approx_kl            | 0.00040164185 |
|    clip_fraction        | 0.000439      |
|    clip_range           | 0.1           |
|    entropy_loss         | -11.4         |
|    explained_variance   | 0.0832        |
|    learning_rate        | 0.0001        |
|    loss                 | 14            |
|    n_updates            | 340           |
|    policy_gradient_loss | -0.00225      |
|    std                  | 1.01          |
|    value_loss           | 28.6          |
-------------------------------------------
-------------------------------------------
| rollout/                |               |
|    ep_len_mean          | 12.2          |
|    ep_rew_mean          | 7.04          |
| time/                   |               |
|    fps                  | 899           |
|    iterations           | 36            |
|    time_elapsed         | 82            |
|    total_timesteps      | 73728         |
| train/                  |               |
|    approx_kl            | 0.00045508004 |
|    clip_fraction        | 0.000537      |
|    clip_range           | 0.1           |
|    entropy_loss         | -11.4         |
|    explained_variance   | 0.0561        |
|    learning_rate        | 0.0001        |
|    loss                 | 18.5          |
|    n_updates            | 350           |
|    policy_gradient_loss | -0.00243      |
|    std                  | 1.01          |
|    value_loss           | 37.7          |
-------------------------------------------
-------------------------------------------
| rollout/                |               |
|    ep_len_mean          | 12.2          |
|    ep_rew_mean          | 5.91          |
| time/                   |               |
|    fps                  | 898           |
|    iterations           | 37            |
|    time_elapsed         | 84            |
|    total_timesteps      | 75776         |
| train/                  |               |
|    approx_kl            | 0.00066712836 |
|    clip_fraction        | 0.00317       |
|    clip_range           | 0.1           |
|    entropy_loss         | -11.4         |
|    explained_variance   | 0.1           |
|    learning_rate        | 0.0001        |
|    loss                 | 20.4          |
|    n_updates            | 360           |
|    policy_gradient_loss | -0.00263      |
|    std                  | 1.01          |
|    value_loss           | 41.5          |
-------------------------------------------
-------------------------------------------
| rollout/                |               |
|    ep_len_mean          | 11.6          |
|    ep_rew_mean          | 5.5           |
| time/                   |               |
|    fps                  | 898           |
|    iterations           | 38            |
|    time_elapsed         | 86            |
|    total_timesteps      | 77824         |
| train/                  |               |
|    approx_kl            | 0.00089979335 |
|    clip_fraction        | 0.00508       |
|    clip_range           | 0.1           |
|    entropy_loss         | -11.4         |
|    explained_variance   | 0.127         |
|    learning_rate        | 0.0001        |
|    loss                 | 16.3          |
|    n_updates            | 370           |
|    policy_gradient_loss | -0.00306      |
|    std                  | 1.01          |
|    value_loss           | 33.2          |
-------------------------------------------
------------------------------------------
| rollout/                |              |
|    ep_len_mean          | 13           |
|    ep_rew_mean          | 6.35         |
| time/                   |              |
|    fps                  | 898          |
|    iterations           | 39           |
|    time_elapsed         | 88           |
|    total_timesteps      | 79872        |
| train/                  |              |
|    approx_kl            | 0.0013902884 |
|    clip_fraction        | 0.0149       |
|    clip_range           | 0.1          |
|    entropy_loss         | -11.4        |
|    explained_variance   | 0.136        |
|    learning_rate        | 0.0001       |
|    loss                 | 15.4         |
|    n_updates            | 380          |
|    policy_gradient_loss | -0.00337     |
|    std                  | 1.01         |
|    value_loss           | 31.4         |
------------------------------------------
------------------------------------------
| rollout/                |              |
|    ep_len_mean          | 11.5         |
|    ep_rew_mean          | 7.21         |
| time/                   |              |
|    fps                  | 898          |
|    iterations           | 40           |
|    time_elapsed         | 91           |
|    total_timesteps      | 81920        |
| train/                  |              |
|    approx_kl            | 0.0005268202 |
|    clip_fraction        | 0.000781     |
|    clip_range           | 0.1          |
|    entropy_loss         | -11.4        |
|    explained_variance   | 0.143        |
|    learning_rate        | 0.0001       |
|    loss                 | 30.7         |
|    n_updates            | 390          |
|    policy_gradient_loss | -0.002       |
|    std                  | 1.01         |
|    value_loss           | 62.3         |
------------------------------------------
-------------------------------------------
| rollout/                |               |
|    ep_len_mean          | 13            |
|    ep_rew_mean          | 7.02          |
| time/                   |               |
|    fps                  | 898           |
|    iterations           | 41            |
|    time_elapsed         | 93            |
|    total_timesteps      | 83968         |
| train/                  |               |
|    approx_kl            | 0.00025511516 |
|    clip_fraction        | 0             |
|    clip_range           | 0.1           |
|    entropy_loss         | -11.4         |
|    explained_variance   | 0.102         |
|    learning_rate        | 0.0001        |
|    loss                 | 29.5          |
|    n_updates            | 400           |
|    policy_gradient_loss | -0.00125      |
|    std                  | 1.01          |
|    value_loss           | 60            |
-------------------------------------------
-------------------------------------------
| rollout/                |               |
|    ep_len_mean          | 13            |
|    ep_rew_mean          | 8.08          |
| time/                   |               |
|    fps                  | 898           |
|    iterations           | 42            |
|    time_elapsed         | 95            |
|    total_timesteps      | 86016         |
| train/                  |               |
|    approx_kl            | 0.00042704836 |
|    clip_fraction        | 0.000684      |
|    clip_range           | 0.1           |
|    entropy_loss         | -11.4         |
|    explained_variance   | 0.136         |
|    learning_rate        | 0.0001        |
|    loss                 | 21.4          |
|    n_updates            | 410           |
|    policy_gradient_loss | -0.00278      |
|    std                  | 1.01          |
|    value_loss           | 43.5          |
-------------------------------------------
------------------------------------------
| rollout/                |              |
|    ep_len_mean          | 12.5         |
|    ep_rew_mean          | 5.85         |
| time/                   |              |
|    fps                  | 898          |
|    iterations           | 43           |
|    time_elapsed         | 98           |
|    total_timesteps      | 88064        |
| train/                  |              |
|    approx_kl            | 0.0005667596 |
|    clip_fraction        | 0.00176      |
|    clip_range           | 0.1          |
|    entropy_loss         | -11.4        |
|    explained_variance   | 0.0931       |
|    learning_rate        | 0.0001       |
|    loss                 | 30.9         |
|    n_updates            | 420          |
|    policy_gradient_loss | -0.00226     |
|    std                  | 1.01         |
|    value_loss           | 62.8         |
------------------------------------------
-------------------------------------------
| rollout/                |               |
|    ep_len_mean          | 16.4          |
|    ep_rew_mean          | 8.73          |
| time/                   |               |
|    fps                  | 898           |
|    iterations           | 44            |
|    time_elapsed         | 100           |
|    total_timesteps      | 90112         |
| train/                  |               |
|    approx_kl            | 0.00054987625 |
|    clip_fraction        | 0.00205       |
|    clip_range           | 0.1           |
|    entropy_loss         | -11.4         |
|    explained_variance   | 0.119         |
|    learning_rate        | 0.0001        |
|    loss                 | 24.4          |
|    n_updates            | 430           |
|    policy_gradient_loss | -0.00244      |
|    std                  | 1.01          |
|    value_loss           | 49.6          |
-------------------------------------------
-------------------------------------------
| rollout/                |               |
|    ep_len_mean          | 12.4          |
|    ep_rew_mean          | 7.21          |
| time/                   |               |
|    fps                  | 897           |
|    iterations           | 45            |
|    time_elapsed         | 102           |
|    total_timesteps      | 92160         |
| train/                  |               |
|    approx_kl            | 0.00068970805 |
|    clip_fraction        | 0.00391       |
|    clip_range           | 0.1           |
|    entropy_loss         | -11.4         |
|    explained_variance   | 0.0667        |
|    learning_rate        | 0.0001        |
|    loss                 | 24.3          |
|    n_updates            | 440           |
|    policy_gradient_loss | -0.00262      |
|    std                  | 1.01          |
|    value_loss           | 49.3          |
-------------------------------------------
-------------------------------------------
| rollout/                |               |
|    ep_len_mean          | 12.5          |
|    ep_rew_mean          | 6.7           |
| time/                   |               |
|    fps                  | 897           |
|    iterations           | 46            |
|    time_elapsed         | 104           |
|    total_timesteps      | 94208         |
| train/                  |               |
|    approx_kl            | 0.00035724416 |
|    clip_fraction        | 0.000195      |
|    clip_range           | 0.1           |
|    entropy_loss         | -11.4         |
|    explained_variance   | 0.0714        |
|    learning_rate        | 0.0001        |
|    loss                 | 31.1          |
|    n_updates            | 450           |
|    policy_gradient_loss | -0.00159      |
|    std                  | 1.01          |
|    value_loss           | 63.2          |
-------------------------------------------
------------------------------------------
| rollout/                |              |
|    ep_len_mean          | 12.4         |
|    ep_rew_mean          | 6.85         |
| time/                   |              |
|    fps                  | 897          |
|    iterations           | 47           |
|    time_elapsed         | 107          |
|    total_timesteps      | 96256        |
| train/                  |              |
|    approx_kl            | 0.0003744179 |
|    clip_fraction        | 0.000293     |
|    clip_range           | 0.1          |
|    entropy_loss         | -11.4        |
|    explained_variance   | 0.0654       |
|    learning_rate        | 0.0001       |
|    loss                 | 20.2         |
|    n_updates            | 460          |
|    policy_gradient_loss | -0.00236     |
|    std                  | 1.01         |
|    value_loss           | 41.3         |
------------------------------------------
-------------------------------------------
| rollout/                |               |
|    ep_len_mean          | 13.2          |
|    ep_rew_mean          | 7.06          |
| time/                   |               |
|    fps                  | 897           |
|    iterations           | 48            |
|    time_elapsed         | 109           |
|    total_timesteps      | 98304         |
| train/                  |               |
|    approx_kl            | 0.00075345626 |
|    clip_fraction        | 0.0042        |
|    clip_range           | 0.1           |
|    entropy_loss         | -11.4         |
|    explained_variance   | 0.149         |
|    learning_rate        | 0.0001        |
|    loss                 | 20.6          |
|    n_updates            | 470           |
|    policy_gradient_loss | -0.00293      |
|    std                  | 1.01          |
|    value_loss           | 42.1          |
-------------------------------------------
------------------------------------------
| rollout/                |              |
|    ep_len_mean          | 14.2         |
|    ep_rew_mean          | 7.46         |
| time/                   |              |
|    fps                  | 897          |
|    iterations           | 49           |
|    time_elapsed         | 111          |
|    total_timesteps      | 100352       |
| train/                  |              |
|    approx_kl            | 0.0007627796 |
|    clip_fraction        | 0.00503      |
|    clip_range           | 0.1          |
|    entropy_loss         | -11.4        |
|    explained_variance   | 0.121        |
|    learning_rate        | 0.0001       |
|    loss                 | 23.1         |
|    n_updates            | 480          |
|    policy_gradient_loss | -0.00275     |
|    std                  | 1.01         |
|    value_loss           | 46.9         |
------------------------------------------
-------------------------------------------
| rollout/                |               |
|    ep_len_mean          | 13.8          |
|    ep_rew_mean          | 7.15          |
| time/                   |               |
|    fps                  | 897           |
|    iterations           | 50            |
|    time_elapsed         | 114           |
|    total_timesteps      | 102400        |
| train/                  |               |
|    approx_kl            | 0.00064236444 |
|    clip_fraction        | 0.00151       |
|    clip_range           | 0.1           |
|    entropy_loss         | -11.4         |
|    explained_variance   | 0.185         |
|    learning_rate        | 0.0001        |
|    loss                 | 23.3          |
|    n_updates            | 490           |
|    policy_gradient_loss | -0.00285      |
|    std                  | 1.01          |
|    value_loss           | 47.4          |
-------------------------------------------
-------------------------------------------
| rollout/                |               |
|    ep_len_mean          | 13.2          |
|    ep_rew_mean          | 7.34          |
| time/                   |               |
|    fps                  | 897           |
|    iterations           | 51            |
|    time_elapsed         | 116           |
|    total_timesteps      | 104448        |
| train/                  |               |
|    approx_kl            | 0.00089718675 |
|    clip_fraction        | 0.00605       |
|    clip_range           | 0.1           |
|    entropy_loss         | -11.4         |
|    explained_variance   | 0.127         |
|    learning_rate        | 0.0001        |
|    loss                 | 23.6          |
|    n_updates            | 500           |
|    policy_gradient_loss | -0.00289      |
|    std                  | 1.01          |
|    value_loss           | 48            |
-------------------------------------------
-----------------------------------------
| rollout/                |             |
|    ep_len_mean          | 13.2        |
|    ep_rew_mean          | 8.47        |
| time/                   |             |
|    fps                  | 897         |
|    iterations           | 52          |
|    time_elapsed         | 118         |
|    total_timesteps      | 106496      |
| train/                  |             |
|    approx_kl            | 0.000989317 |
|    clip_fraction        | 0.00806     |
|    clip_range           | 0.1         |
|    entropy_loss         | -11.4       |
|    explained_variance   | 0.154       |
|    learning_rate        | 0.0001      |
|    loss                 | 21.9        |
|    n_updates            | 510         |
|    policy_gradient_loss | -0.00299    |
|    std                  | 1.01        |
|    value_loss           | 44.4        |
-----------------------------------------
-----------------------------------------
| rollout/                |             |
|    ep_len_mean          | 11.4        |
|    ep_rew_mean          | 7.3         |
| time/                   |             |
|    fps                  | 897         |
|    iterations           | 53          |
|    time_elapsed         | 121         |
|    total_timesteps      | 108544      |
| train/                  |             |
|    approx_kl            | 0.001386868 |
|    clip_fraction        | 0.0179      |
|    clip_range           | 0.1         |
|    entropy_loss         | -11.4       |
|    explained_variance   | 0.117       |
|    learning_rate        | 0.0001      |
|    loss                 | 26.7        |
|    n_updates            | 520         |
|    policy_gradient_loss | -0.00322    |
|    std                  | 1.01        |
|    value_loss           | 54.3        |
-----------------------------------------
-----------------------------------------
| rollout/                |             |
|    ep_len_mean          | 12.8        |
|    ep_rew_mean          | 7.92        |
| time/                   |             |
|    fps                  | 896         |
|    iterations           | 54          |
|    time_elapsed         | 123         |
|    total_timesteps      | 110592      |
| train/                  |             |
|    approx_kl            | 0.001172657 |
|    clip_fraction        | 0.00986     |
|    clip_range           | 0.1         |
|    entropy_loss         | -11.4       |
|    explained_variance   | 0.131       |
|    learning_rate        | 0.0001      |
|    loss                 | 25.3        |
|    n_updates            | 530         |
|    policy_gradient_loss | -0.00398    |
|    std                  | 1.01        |
|    value_loss           | 51.6        |
-----------------------------------------
-------------------------------------------
| rollout/                |               |
|    ep_len_mean          | 14.1          |
|    ep_rew_mean          | 9.18          |
| time/                   |               |
|    fps                  | 896           |
|    iterations           | 55            |
|    time_elapsed         | 125           |
|    total_timesteps      | 112640        |
| train/                  |               |
|    approx_kl            | 0.00091478095 |
|    clip_fraction        | 0.00698       |
|    clip_range           | 0.1           |
|    entropy_loss         | -11.4         |
|    explained_variance   | 0.188         |
|    learning_rate        | 0.0001        |
|    loss                 | 22.8          |
|    n_updates            | 540           |
|    policy_gradient_loss | -0.00285      |
|    std                  | 1.01          |
|    value_loss           | 46.3          |
-------------------------------------------
-------------------------------------------
| rollout/                |               |
|    ep_len_mean          | 13.6          |
|    ep_rew_mean          | 9.83          |
| time/                   |               |
|    fps                  | 896           |
|    iterations           | 56            |
|    time_elapsed         | 127           |
|    total_timesteps      | 114688        |
| train/                  |               |
|    approx_kl            | 0.00040120434 |
|    clip_fraction        | 0.000342      |
|    clip_range           | 0.1           |
|    entropy_loss         | -11.4         |
|    explained_variance   | 0.177         |
|    learning_rate        | 0.0001        |
|    loss                 | 26.6          |
|    n_updates            | 550           |
|    policy_gradient_loss | -0.00198      |
|    std                  | 1.01          |
|    value_loss           | 54.1          |
-------------------------------------------
-------------------------------------------
| rollout/                |               |
|    ep_len_mean          | 13            |
|    ep_rew_mean          | 8.54          |
| time/                   |               |
|    fps                  | 896           |
|    iterations           | 57            |
|    time_elapsed         | 130           |
|    total_timesteps      | 116736        |
| train/                  |               |
|    approx_kl            | 0.00080150896 |
|    clip_fraction        | 0.00352       |
|    clip_range           | 0.1           |
|    entropy_loss         | -11.4         |
|    explained_variance   | 0.128         |
|    learning_rate        | 0.0001        |
|    loss                 | 26.5          |
|    n_updates            | 560           |
|    policy_gradient_loss | -0.00314      |
|    std                  | 1.01          |
|    value_loss           | 53.8          |
-------------------------------------------
------------------------------------------
| rollout/                |              |
|    ep_len_mean          | 13.8         |
|    ep_rew_mean          | 9.35         |
| time/                   |              |
|    fps                  | 896          |
|    iterations           | 58           |
|    time_elapsed         | 132          |
|    total_timesteps      | 118784       |
| train/                  |              |
|    approx_kl            | 0.0011414327 |
|    clip_fraction        | 0.00889      |
|    clip_range           | 0.1          |
|    entropy_loss         | -11.4        |
|    explained_variance   | 0.117        |
|    learning_rate        | 0.0001       |
|    loss                 | 23           |
|    n_updates            | 570          |
|    policy_gradient_loss | -0.00307     |
|    std                  | 1.01         |
|    value_loss           | 46.7         |
------------------------------------------
-------------------------------------------
| rollout/                |               |
|    ep_len_mean          | 14.8          |
|    ep_rew_mean          | 9.12          |
| time/                   |               |
|    fps                  | 896           |
|    iterations           | 59            |
|    time_elapsed         | 134           |
|    total_timesteps      | 120832        |
| train/                  |               |
|    approx_kl            | 0.00086374267 |
|    clip_fraction        | 0.0061        |
|    clip_range           | 0.1           |
|    entropy_loss         | -11.4         |
|    explained_variance   | 0.147         |
|    learning_rate        | 0.0001        |
|    loss                 | 26.1          |
|    n_updates            | 580           |
|    policy_gradient_loss | -0.0026       |
|    std                  | 1.01          |
|    value_loss           | 53.1          |
-------------------------------------------
-------------------------------------------
| rollout/                |               |
|    ep_len_mean          | 14.3          |
|    ep_rew_mean          | 9.99          |
| time/                   |               |
|    fps                  | 896           |
|    iterations           | 60            |
|    time_elapsed         | 137           |
|    total_timesteps      | 122880        |
| train/                  |               |
|    approx_kl            | 0.00077430066 |
|    clip_fraction        | 0.00444       |
|    clip_range           | 0.1           |
|    entropy_loss         | -11.4         |
|    explained_variance   | 0.179         |
|    learning_rate        | 0.0001        |
|    loss                 | 27.5          |
|    n_updates            | 590           |
|    policy_gradient_loss | -0.0031       |
|    std                  | 1.01          |
|    value_loss           | 55.6          |
-------------------------------------------
------------------------------------------
| rollout/                |              |
|    ep_len_mean          | 14.3         |
|    ep_rew_mean          | 9.61         |
| time/                   |              |
|    fps                  | 896          |
|    iterations           | 61           |
|    time_elapsed         | 139          |
|    total_timesteps      | 124928       |
| train/                  |              |
|    approx_kl            | 0.0010052307 |
|    clip_fraction        | 0.00811      |
|    clip_range           | 0.1          |
|    entropy_loss         | -11.4        |
|    explained_variance   | 0.174        |
|    learning_rate        | 0.0001       |
|    loss                 | 30.6         |
|    n_updates            | 600          |
|    policy_gradient_loss | -0.00274     |
|    std                  | 1.01         |
|    value_loss           | 62           |
------------------------------------------
------------------------------------------
| rollout/                |              |
|    ep_len_mean          | 16.5         |
|    ep_rew_mean          | 12.7         |
| time/                   |              |
|    fps                  | 895          |
|    iterations           | 62           |
|    time_elapsed         | 141          |
|    total_timesteps      | 126976       |
| train/                  |              |
|    approx_kl            | 0.0014599569 |
|    clip_fraction        | 0.0165       |
|    clip_range           | 0.1          |
|    entropy_loss         | -11.4        |
|    explained_variance   | 0.153        |
|    learning_rate        | 0.0001       |
|    loss                 | 26.3         |
|    n_updates            | 610          |
|    policy_gradient_loss | -0.00443     |
|    std                  | 1.01         |
|    value_loss           | 53.5         |
------------------------------------------
-------------------------------------------
| rollout/                |               |
|    ep_len_mean          | 16.2          |
|    ep_rew_mean          | 8.72          |
| time/                   |               |
|    fps                  | 895           |
|    iterations           | 63            |
|    time_elapsed         | 144           |
|    total_timesteps      | 129024        |
| train/                  |               |
|    approx_kl            | 0.00058447366 |
|    clip_fraction        | 0.00322       |
|    clip_range           | 0.1           |
|    entropy_loss         | -11.4         |
|    explained_variance   | 0.0908        |
|    learning_rate        | 0.0001        |
|    loss                 | 34.7          |
|    n_updates            | 620           |
|    policy_gradient_loss | -0.000753     |
|    std                  | 1.01          |
|    value_loss           | 70.6          |
-------------------------------------------
------------------------------------------
| rollout/                |              |
|    ep_len_mean          | 16.2         |
|    ep_rew_mean          | 12.7         |
| time/                   |              |
|    fps                  | 895          |
|    iterations           | 64           |
|    time_elapsed         | 146          |
|    total_timesteps      | 131072       |
| train/                  |              |
|    approx_kl            | 0.0005340355 |
|    clip_fraction        | 0.00205      |
|    clip_range           | 0.1          |
|    entropy_loss         | -11.4        |
|    explained_variance   | 0.121        |
|    learning_rate        | 0.0001       |
|    loss                 | 26.2         |
|    n_updates            | 630          |
|    policy_gradient_loss | -0.00287     |
|    std                  | 1.01         |
|    value_loss           | 53.2         |
------------------------------------------
------------------------------------------
| rollout/                |              |
|    ep_len_mean          | 14.4         |
|    ep_rew_mean          | 9.89         |
| time/                   |              |
|    fps                  | 895          |
|    iterations           | 65           |
|    time_elapsed         | 148          |
|    total_timesteps      | 133120       |
| train/                  |              |
|    approx_kl            | 0.0006266481 |
|    clip_fraction        | 0.0022       |
|    clip_range           | 0.1          |
|    entropy_loss         | -11.4        |
|    explained_variance   | 0.137        |
|    learning_rate        | 0.0001       |
|    loss                 | 38.5         |
|    n_updates            | 640          |
|    policy_gradient_loss | -0.0019      |
|    std                  | 1.01         |
|    value_loss           | 78.3         |
------------------------------------------
------------------------------------------
| rollout/                |              |
|    ep_len_mean          | 15.7         |
|    ep_rew_mean          | 12           |
| time/                   |              |
|    fps                  | 895          |
|    iterations           | 66           |
|    time_elapsed         | 150          |
|    total_timesteps      | 135168       |
| train/                  |              |
|    approx_kl            | 0.0003606521 |
|    clip_fraction        | 0.000977     |
|    clip_range           | 0.1          |
|    entropy_loss         | -11.4        |
|    explained_variance   | 0.129        |
|    learning_rate        | 0.0001       |
|    loss                 | 32.9         |
|    n_updates            | 650          |
|    policy_gradient_loss | -0.00219     |
|    std                  | 1.01         |
|    value_loss           | 66.5         |
------------------------------------------
------------------------------------------
| rollout/                |              |
|    ep_len_mean          | 14.7         |
|    ep_rew_mean          | 10.4         |
| time/                   |              |
|    fps                  | 895          |
|    iterations           | 67           |
|    time_elapsed         | 153          |
|    total_timesteps      | 137216       |
| train/                  |              |
|    approx_kl            | 0.0005817811 |
|    clip_fraction        | 0.00181      |
|    clip_range           | 0.1          |
|    entropy_loss         | -11.4        |
|    explained_variance   | 0.173        |
|    learning_rate        | 0.0001       |
|    loss                 | 34.9         |
|    n_updates            | 660          |
|    policy_gradient_loss | -0.00303     |
|    std                  | 1.01         |
|    value_loss           | 70.5         |
------------------------------------------
------------------------------------------
| rollout/                |              |
|    ep_len_mean          | 19.3         |
|    ep_rew_mean          | 12.8         |
| time/                   |              |
|    fps                  | 895          |
|    iterations           | 68           |
|    time_elapsed         | 155          |
|    total_timesteps      | 139264       |
| train/                  |              |
|    approx_kl            | 0.0015900509 |
|    clip_fraction        | 0.0201       |
|    clip_range           | 0.1          |
|    entropy_loss         | -11.4        |
|    explained_variance   | 0.137        |
|    learning_rate        | 0.0001       |
|    loss                 | 29.5         |
|    n_updates            | 670          |
|    policy_gradient_loss | -0.00444     |
|    std                  | 1.01         |
|    value_loss           | 59.8         |
------------------------------------------
------------------------------------------
| rollout/                |              |
|    ep_len_mean          | 14.9         |
|    ep_rew_mean          | 11.8         |
| time/                   |              |
|    fps                  | 895          |
|    iterations           | 69           |
|    time_elapsed         | 157          |
|    total_timesteps      | 141312       |
| train/                  |              |
|    approx_kl            | 0.0015162078 |
|    clip_fraction        | 0.018        |
|    clip_range           | 0.1          |
|    entropy_loss         | -11.4        |
|    explained_variance   | 0.147        |
|    learning_rate        | 0.0001       |
|    loss                 | 33.5         |
|    n_updates            | 680          |
|    policy_gradient_loss | -0.00382     |
|    std                  | 1.01         |
|    value_loss           | 67.8         |
------------------------------------------
------------------------------------------
| rollout/                |              |
|    ep_len_mean          | 13.4         |
|    ep_rew_mean          | 9.74         |
| time/                   |              |
|    fps                  | 895          |
|    iterations           | 70           |
|    time_elapsed         | 160          |
|    total_timesteps      | 143360       |
| train/                  |              |
|    approx_kl            | 0.0009504185 |
|    clip_fraction        | 0.0064       |
|    clip_range           | 0.1          |
|    entropy_loss         | -11.4        |
|    explained_variance   | 0.141        |
|    learning_rate        | 0.0001       |
|    loss                 | 34.4         |
|    n_updates            | 690          |
|    policy_gradient_loss | -0.00239     |
|    std                  | 1.01         |
|    value_loss           | 69.8         |
------------------------------------------
