Logging to /home/knagiredla/robonet/logs/exp_GSCA_10_flat_base_walker_300_000_134_1729465582/policies
time_steps 279000
Using cpu device
Wrapping the env with a `Monitor` wrapper
Wrapping the env in a DummyVecEnv.
env.observation_space Box(-inf, inf, (105,), float64)
self.keys, shapes, dtypes [None] {None: (105,)} {None: dtype('float64')}
---------------------------------
| rollout/           |          |
|    ep_len_mean     | 8.86     |
|    ep_rew_mean     | 8.58     |
| time/              |          |
|    fps             | 1141     |
|    iterations      | 1        |
|    time_elapsed    | 1        |
|    total_timesteps | 2048     |
---------------------------------
-------------------------------------------
| rollout/                |               |
|    ep_len_mean          | 9.17          |
|    ep_rew_mean          | 8.24          |
| time/                   |               |
|    fps                  | 946           |
|    iterations           | 2             |
|    time_elapsed         | 4             |
|    total_timesteps      | 4096          |
| train/                  |               |
|    approx_kl            | 0.00085963035 |
|    clip_fraction        | 0.00469       |
|    clip_range           | 0.1           |
|    entropy_loss         | -15.6         |
|    explained_variance   | -0.0209       |
|    learning_rate        | 0.0001        |
|    loss                 | 19.8          |
|    n_updates            | 10            |
|    policy_gradient_loss | -0.00676      |
|    std                  | 1             |
|    value_loss           | 40.6          |
-------------------------------------------
------------------------------------------
| rollout/                |              |
|    ep_len_mean          | 8.93         |
|    ep_rew_mean          | 8.2          |
| time/                   |              |
|    fps                  | 896          |
|    iterations           | 3            |
|    time_elapsed         | 6            |
|    total_timesteps      | 6144         |
| train/                  |              |
|    approx_kl            | 0.0004616439 |
|    clip_fraction        | 0.000586     |
|    clip_range           | 0.1          |
|    entropy_loss         | -15.6        |
|    explained_variance   | -0.00495     |
|    learning_rate        | 0.0001       |
|    loss                 | 26.8         |
|    n_updates            | 20           |
|    policy_gradient_loss | -0.00362     |
|    std                  | 1            |
|    value_loss           | 54.5         |
------------------------------------------
-------------------------------------------
| rollout/                |               |
|    ep_len_mean          | 8.76          |
|    ep_rew_mean          | 8.37          |
| time/                   |               |
|    fps                  | 872           |
|    iterations           | 4             |
|    time_elapsed         | 9             |
|    total_timesteps      | 8192          |
| train/                  |               |
|    approx_kl            | 0.00042605906 |
|    clip_fraction        | 0.000342      |
|    clip_range           | 0.1           |
|    entropy_loss         | -15.6         |
|    explained_variance   | 0.013         |
|    learning_rate        | 0.0001        |
|    loss                 | 21.4          |
|    n_updates            | 30            |
|    policy_gradient_loss | -0.00362      |
|    std                  | 1             |
|    value_loss           | 43.7          |
-------------------------------------------
------------------------------------------
| rollout/                |              |
|    ep_len_mean          | 8.72         |
|    ep_rew_mean          | 7.86         |
| time/                   |              |
|    fps                  | 858          |
|    iterations           | 5            |
|    time_elapsed         | 11           |
|    total_timesteps      | 10240        |
| train/                  |              |
|    approx_kl            | 0.0005391822 |
|    clip_fraction        | 0.000684     |
|    clip_range           | 0.1          |
|    entropy_loss         | -15.6        |
|    explained_variance   | 0.021        |
|    learning_rate        | 0.0001       |
|    loss                 | 16.9         |
|    n_updates            | 40           |
|    policy_gradient_loss | -0.0042      |
|    std                  | 1            |
|    value_loss           | 34.5         |
------------------------------------------
-----------------------------------------
| rollout/                |             |
|    ep_len_mean          | 8.77        |
|    ep_rew_mean          | 9.12        |
| time/                   |             |
|    fps                  | 849         |
|    iterations           | 6           |
|    time_elapsed         | 14          |
|    total_timesteps      | 12288       |
| train/                  |             |
|    approx_kl            | 0.000568117 |
|    clip_fraction        | 0.00132     |
|    clip_range           | 0.1         |
|    entropy_loss         | -15.6       |
|    explained_variance   | 0.0395      |
|    learning_rate        | 0.0001      |
|    loss                 | 16          |
|    n_updates            | 50          |
|    policy_gradient_loss | -0.00374    |
|    std                  | 1           |
|    value_loss           | 32.8        |
-----------------------------------------
------------------------------------------
| rollout/                |              |
|    ep_len_mean          | 9.51         |
|    ep_rew_mean          | 6.88         |
| time/                   |              |
|    fps                  | 843          |
|    iterations           | 7            |
|    time_elapsed         | 16           |
|    total_timesteps      | 14336        |
| train/                  |              |
|    approx_kl            | 0.0005378233 |
|    clip_fraction        | 0.00112      |
|    clip_range           | 0.1          |
|    entropy_loss         | -15.6        |
|    explained_variance   | 0.0335       |
|    learning_rate        | 0.0001       |
|    loss                 | 23           |
|    n_updates            | 60           |
|    policy_gradient_loss | -0.00364     |
|    std                  | 1            |
|    value_loss           | 46.7         |
------------------------------------------
-------------------------------------------
| rollout/                |               |
|    ep_len_mean          | 8.25          |
|    ep_rew_mean          | 7.73          |
| time/                   |               |
|    fps                  | 839           |
|    iterations           | 8             |
|    time_elapsed         | 19            |
|    total_timesteps      | 16384         |
| train/                  |               |
|    approx_kl            | 0.00055781205 |
|    clip_fraction        | 0.00195       |
|    clip_range           | 0.1           |
|    entropy_loss         | -15.6         |
|    explained_variance   | 0.0496        |
|    learning_rate        | 0.0001        |
|    loss                 | 15.7          |
|    n_updates            | 70            |
|    policy_gradient_loss | -0.00423      |
|    std                  | 1             |
|    value_loss           | 32            |
-------------------------------------------
------------------------------------------
| rollout/                |              |
|    ep_len_mean          | 8.1          |
|    ep_rew_mean          | 6.2          |
| time/                   |              |
|    fps                  | 835          |
|    iterations           | 9            |
|    time_elapsed         | 22           |
|    total_timesteps      | 18432        |
| train/                  |              |
|    approx_kl            | 0.0006067949 |
|    clip_fraction        | 0.00146      |
|    clip_range           | 0.1          |
|    entropy_loss         | -15.6        |
|    explained_variance   | 0.0534       |
|    learning_rate        | 0.0001       |
|    loss                 | 15.9         |
|    n_updates            | 80           |
|    policy_gradient_loss | -0.00379     |
|    std                  | 1            |
|    value_loss           | 32.4         |
------------------------------------------
------------------------------------------
| rollout/                |              |
|    ep_len_mean          | 8.56         |
|    ep_rew_mean          | 8.91         |
| time/                   |              |
|    fps                  | 833          |
|    iterations           | 10           |
|    time_elapsed         | 24           |
|    total_timesteps      | 20480        |
| train/                  |              |
|    approx_kl            | 0.0006347529 |
|    clip_fraction        | 0.00151      |
|    clip_range           | 0.1          |
|    entropy_loss         | -15.6        |
|    explained_variance   | 0.0579       |
|    learning_rate        | 0.0001       |
|    loss                 | 13.8         |
|    n_updates            | 90           |
|    policy_gradient_loss | -0.0039      |
|    std                  | 1            |
|    value_loss           | 28.2         |
------------------------------------------
------------------------------------------
| rollout/                |              |
|    ep_len_mean          | 8.69         |
|    ep_rew_mean          | 7.86         |
| time/                   |              |
|    fps                  | 831          |
|    iterations           | 11           |
|    time_elapsed         | 27           |
|    total_timesteps      | 22528        |
| train/                  |              |
|    approx_kl            | 0.0005954413 |
|    clip_fraction        | 0.00161      |
|    clip_range           | 0.1          |
|    entropy_loss         | -15.6        |
|    explained_variance   | 0.0368       |
|    learning_rate        | 0.0001       |
|    loss                 | 16.4         |
|    n_updates            | 100          |
|    policy_gradient_loss | -0.0039      |
|    std                  | 1            |
|    value_loss           | 33.4         |
------------------------------------------
-------------------------------------------
| rollout/                |               |
|    ep_len_mean          | 10.3          |
|    ep_rew_mean          | 7.71          |
| time/                   |               |
|    fps                  | 827           |
|    iterations           | 12            |
|    time_elapsed         | 29            |
|    total_timesteps      | 24576         |
| train/                  |               |
|    approx_kl            | 0.00044458386 |
|    clip_fraction        | 0.000684      |
|    clip_range           | 0.1           |
|    entropy_loss         | -15.6         |
|    explained_variance   | 0.0196        |
|    learning_rate        | 0.0001        |
|    loss                 | 23            |
|    n_updates            | 110           |
|    policy_gradient_loss | -0.00312      |
|    std                  | 1             |
|    value_loss           | 46.6          |
-------------------------------------------
-------------------------------------------
| rollout/                |               |
|    ep_len_mean          | 8.86          |
|    ep_rew_mean          | 8.72          |
| time/                   |               |
|    fps                  | 825           |
|    iterations           | 13            |
|    time_elapsed         | 32            |
|    total_timesteps      | 26624         |
| train/                  |               |
|    approx_kl            | 0.00038737466 |
|    clip_fraction        | 0.000586      |
|    clip_range           | 0.1           |
|    entropy_loss         | -15.6         |
|    explained_variance   | 0.0202        |
|    learning_rate        | 0.0001        |
|    loss                 | 19.3          |
|    n_updates            | 120           |
|    policy_gradient_loss | -0.00336      |
|    std                  | 1             |
|    value_loss           | 39.3          |
-------------------------------------------
-------------------------------------------
| rollout/                |               |
|    ep_len_mean          | 8.31          |
|    ep_rew_mean          | 6.91          |
| time/                   |               |
|    fps                  | 822           |
|    iterations           | 14            |
|    time_elapsed         | 34            |
|    total_timesteps      | 28672         |
| train/                  |               |
|    approx_kl            | 0.00057778874 |
|    clip_fraction        | 0.00151       |
|    clip_range           | 0.1           |
|    entropy_loss         | -15.7         |
|    explained_variance   | 0.0464        |
|    learning_rate        | 0.0001        |
|    loss                 | 15.1          |
|    n_updates            | 130           |
|    policy_gradient_loss | -0.00444      |
|    std                  | 1             |
|    value_loss           | 30.8          |
-------------------------------------------
-------------------------------------------
| rollout/                |               |
|    ep_len_mean          | 9.39          |
|    ep_rew_mean          | 7.88          |
| time/                   |               |
|    fps                  | 820           |
|    iterations           | 15            |
|    time_elapsed         | 37            |
|    total_timesteps      | 30720         |
| train/                  |               |
|    approx_kl            | 0.00052012794 |
|    clip_fraction        | 0.00103       |
|    clip_range           | 0.1           |
|    entropy_loss         | -15.7         |
|    explained_variance   | -0.00239      |
|    learning_rate        | 0.0001        |
|    loss                 | 20.1          |
|    n_updates            | 140           |
|    policy_gradient_loss | -0.00289      |
|    std                  | 1             |
|    value_loss           | 40.9          |
-------------------------------------------
-------------------------------------------
| rollout/                |               |
|    ep_len_mean          | 8.17          |
|    ep_rew_mean          | 7.49          |
| time/                   |               |
|    fps                  | 819           |
|    iterations           | 16            |
|    time_elapsed         | 39            |
|    total_timesteps      | 32768         |
| train/                  |               |
|    approx_kl            | 0.00044856194 |
|    clip_fraction        | 0.000732      |
|    clip_range           | 0.1           |
|    entropy_loss         | -15.7         |
|    explained_variance   | 0.0122        |
|    learning_rate        | 0.0001        |
|    loss                 | 17.6          |
|    n_updates            | 150           |
|    policy_gradient_loss | -0.00332      |
|    std                  | 1             |
|    value_loss           | 35.8          |
-------------------------------------------
-------------------------------------------
| rollout/                |               |
|    ep_len_mean          | 8.54          |
|    ep_rew_mean          | 6.76          |
| time/                   |               |
|    fps                  | 818           |
|    iterations           | 17            |
|    time_elapsed         | 42            |
|    total_timesteps      | 34816         |
| train/                  |               |
|    approx_kl            | 0.00065722864 |
|    clip_fraction        | 0.00225       |
|    clip_range           | 0.1           |
|    entropy_loss         | -15.7         |
|    explained_variance   | 0.061         |
|    learning_rate        | 0.0001        |
|    loss                 | 13.4          |
|    n_updates            | 160           |
|    policy_gradient_loss | -0.00463      |
|    std                  | 1             |
|    value_loss           | 27.3          |
-------------------------------------------
-------------------------------------------
| rollout/                |               |
|    ep_len_mean          | 8.7           |
|    ep_rew_mean          | 7.3           |
| time/                   |               |
|    fps                  | 817           |
|    iterations           | 18            |
|    time_elapsed         | 45            |
|    total_timesteps      | 36864         |
| train/                  |               |
|    approx_kl            | 0.00062237994 |
|    clip_fraction        | 0.00151       |
|    clip_range           | 0.1           |
|    entropy_loss         | -15.7         |
|    explained_variance   | 0.0788        |
|    learning_rate        | 0.0001        |
|    loss                 | 12.1          |
|    n_updates            | 170           |
|    policy_gradient_loss | -0.00415      |
|    std                  | 1             |
|    value_loss           | 24.7          |
-------------------------------------------
------------------------------------------
| rollout/                |              |
|    ep_len_mean          | 9.89         |
|    ep_rew_mean          | 9.06         |
| time/                   |              |
|    fps                  | 818          |
|    iterations           | 19           |
|    time_elapsed         | 47           |
|    total_timesteps      | 38912        |
| train/                  |              |
|    approx_kl            | 0.0006414213 |
|    clip_fraction        | 0.002        |
|    clip_range           | 0.1          |
|    entropy_loss         | -15.7        |
|    explained_variance   | 0.0397       |
|    learning_rate        | 0.0001       |
|    loss                 | 15.3         |
|    n_updates            | 180          |
|    policy_gradient_loss | -0.00447     |
|    std                  | 1            |
|    value_loss           | 31.1         |
------------------------------------------
------------------------------------------
| rollout/                |              |
|    ep_len_mean          | 8.6          |
|    ep_rew_mean          | 6.92         |
| time/                   |              |
|    fps                  | 818          |
|    iterations           | 20           |
|    time_elapsed         | 50           |
|    total_timesteps      | 40960        |
| train/                  |              |
|    approx_kl            | 0.0005080473 |
|    clip_fraction        | 0.000537     |
|    clip_range           | 0.1          |
|    entropy_loss         | -15.7        |
|    explained_variance   | 0.00306      |
|    learning_rate        | 0.0001       |
|    loss                 | 21           |
|    n_updates            | 190          |
|    policy_gradient_loss | -0.00318     |
|    std                  | 1            |
|    value_loss           | 42.5         |
------------------------------------------
------------------------------------------
| rollout/                |              |
|    ep_len_mean          | 9.12         |
|    ep_rew_mean          | 8.67         |
| time/                   |              |
|    fps                  | 818          |
|    iterations           | 21           |
|    time_elapsed         | 52           |
|    total_timesteps      | 43008        |
| train/                  |              |
|    approx_kl            | 0.0006689974 |
|    clip_fraction        | 0.0021       |
|    clip_range           | 0.1          |
|    entropy_loss         | -15.7        |
|    explained_variance   | 0.0459       |
|    learning_rate        | 0.0001       |
|    loss                 | 13.8         |
|    n_updates            | 200          |
|    policy_gradient_loss | -0.00501     |
|    std                  | 1.01         |
|    value_loss           | 28.3         |
------------------------------------------
------------------------------------------
| rollout/                |              |
|    ep_len_mean          | 8.47         |
|    ep_rew_mean          | 8.05         |
| time/                   |              |
|    fps                  | 818          |
|    iterations           | 22           |
|    time_elapsed         | 55           |
|    total_timesteps      | 45056        |
| train/                  |              |
|    approx_kl            | 0.0005863148 |
|    clip_fraction        | 0.00146      |
|    clip_range           | 0.1          |
|    entropy_loss         | -15.7        |
|    explained_variance   | 0.0323       |
|    learning_rate        | 0.0001       |
|    loss                 | 15.7         |
|    n_updates            | 210          |
|    policy_gradient_loss | -0.00349     |
|    std                  | 1.01         |
|    value_loss           | 31.9         |
------------------------------------------
------------------------------------------
| rollout/                |              |
|    ep_len_mean          | 9.48         |
|    ep_rew_mean          | 8.67         |
| time/                   |              |
|    fps                  | 818          |
|    iterations           | 23           |
|    time_elapsed         | 57           |
|    total_timesteps      | 47104        |
| train/                  |              |
|    approx_kl            | 0.0006032634 |
|    clip_fraction        | 0.00137      |
|    clip_range           | 0.1          |
|    entropy_loss         | -15.7        |
|    explained_variance   | 0.0421       |
|    learning_rate        | 0.0001       |
|    loss                 | 15.1         |
|    n_updates            | 220          |
|    policy_gradient_loss | -0.00412     |
|    std                  | 1.01         |
|    value_loss           | 30.7         |
------------------------------------------
------------------------------------------
| rollout/                |              |
|    ep_len_mean          | 9.67         |
|    ep_rew_mean          | 8.83         |
| time/                   |              |
|    fps                  | 818          |
|    iterations           | 24           |
|    time_elapsed         | 60           |
|    total_timesteps      | 49152        |
| train/                  |              |
|    approx_kl            | 0.0005366053 |
|    clip_fraction        | 0.00107      |
|    clip_range           | 0.1          |
|    entropy_loss         | -15.7        |
|    explained_variance   | 0.029        |
|    learning_rate        | 0.0001       |
|    loss                 | 16.5         |
|    n_updates            | 230          |
|    policy_gradient_loss | -0.00365     |
|    std                  | 1.01         |
|    value_loss           | 33.6         |
------------------------------------------
-------------------------------------------
| rollout/                |               |
|    ep_len_mean          | 9.55          |
|    ep_rew_mean          | 8.32          |
| time/                   |               |
|    fps                  | 818           |
|    iterations           | 25            |
|    time_elapsed         | 62            |
|    total_timesteps      | 51200         |
| train/                  |               |
|    approx_kl            | 0.00054683804 |
|    clip_fraction        | 0.00103       |
|    clip_range           | 0.1           |
|    entropy_loss         | -15.7         |
|    explained_variance   | 0.015         |
|    learning_rate        | 0.0001        |
|    loss                 | 17.5          |
|    n_updates            | 240           |
|    policy_gradient_loss | -0.00402      |
|    std                  | 1.01          |
|    value_loss           | 35.6          |
-------------------------------------------
------------------------------------------
| rollout/                |              |
|    ep_len_mean          | 8.56         |
|    ep_rew_mean          | 8            |
| time/                   |              |
|    fps                  | 818          |
|    iterations           | 26           |
|    time_elapsed         | 65           |
|    total_timesteps      | 53248        |
| train/                  |              |
|    approx_kl            | 0.0005126931 |
|    clip_fraction        | 0.000488     |
|    clip_range           | 0.1          |
|    entropy_loss         | -15.7        |
|    explained_variance   | 0.0434       |
|    learning_rate        | 0.0001       |
|    loss                 | 16           |
|    n_updates            | 250          |
|    policy_gradient_loss | -0.0039      |
|    std                  | 1.01         |
|    value_loss           | 32.6         |
------------------------------------------
------------------------------------------
| rollout/                |              |
|    ep_len_mean          | 9.12         |
|    ep_rew_mean          | 7.97         |
| time/                   |              |
|    fps                  | 819          |
|    iterations           | 27           |
|    time_elapsed         | 67           |
|    total_timesteps      | 55296        |
| train/                  |              |
|    approx_kl            | 0.0005504156 |
|    clip_fraction        | 0.00142      |
|    clip_range           | 0.1          |
|    entropy_loss         | -15.7        |
|    explained_variance   | 0.0465       |
|    learning_rate        | 0.0001       |
|    loss                 | 11.9         |
|    n_updates            | 260          |
|    policy_gradient_loss | -0.00409     |
|    std                  | 1.01         |
|    value_loss           | 24.4         |
------------------------------------------
-----------------------------------------
| rollout/                |             |
|    ep_len_mean          | 8.34        |
|    ep_rew_mean          | 7.49        |
| time/                   |             |
|    fps                  | 819         |
|    iterations           | 28          |
|    time_elapsed         | 69          |
|    total_timesteps      | 57344       |
| train/                  |             |
|    approx_kl            | 0.000516982 |
|    clip_fraction        | 0.00103     |
|    clip_range           | 0.1         |
|    entropy_loss         | -15.7       |
|    explained_variance   | 0.0253      |
|    learning_rate        | 0.0001      |
|    loss                 | 15.6        |
|    n_updates            | 270         |
|    policy_gradient_loss | -0.00368    |
|    std                  | 1.01        |
|    value_loss           | 31.8        |
-----------------------------------------
-------------------------------------------
| rollout/                |               |
|    ep_len_mean          | 9.77          |
|    ep_rew_mean          | 8.23          |
| time/                   |               |
|    fps                  | 819           |
|    iterations           | 29            |
|    time_elapsed         | 72            |
|    total_timesteps      | 59392         |
| train/                  |               |
|    approx_kl            | 0.00053684926 |
|    clip_fraction        | 0.00122       |
|    clip_range           | 0.1           |
|    entropy_loss         | -15.7         |
|    explained_variance   | 0.0234        |
|    learning_rate        | 0.0001        |
|    loss                 | 15.4          |
|    n_updates            | 280           |
|    policy_gradient_loss | -0.00394      |
|    std                  | 1.01          |
|    value_loss           | 31.4          |
-------------------------------------------
-------------------------------------------
| rollout/                |               |
|    ep_len_mean          | 8.51          |
|    ep_rew_mean          | 7.85          |
| time/                   |               |
|    fps                  | 819           |
|    iterations           | 30            |
|    time_elapsed         | 74            |
|    total_timesteps      | 61440         |
| train/                  |               |
|    approx_kl            | 0.00040394207 |
|    clip_fraction        | 0.000488      |
|    clip_range           | 0.1           |
|    entropy_loss         | -15.7         |
|    explained_variance   | 0.0543        |
|    learning_rate        | 0.0001        |
|    loss                 | 14.2          |
|    n_updates            | 290           |
|    policy_gradient_loss | -0.00328      |
|    std                  | 1.01          |
|    value_loss           | 28.9          |
-------------------------------------------
------------------------------------------
| rollout/                |              |
|    ep_len_mean          | 9.69         |
|    ep_rew_mean          | 7.88         |
| time/                   |              |
|    fps                  | 819          |
|    iterations           | 31           |
|    time_elapsed         | 77           |
|    total_timesteps      | 63488        |
| train/                  |              |
|    approx_kl            | 0.0006565327 |
|    clip_fraction        | 0.002        |
|    clip_range           | 0.1          |
|    entropy_loss         | -15.7        |
|    explained_variance   | 0.0628       |
|    learning_rate        | 0.0001       |
|    loss                 | 13.6         |
|    n_updates            | 300          |
|    policy_gradient_loss | -0.0045      |
|    std                  | 1.01         |
|    value_loss           | 27.8         |
------------------------------------------
-------------------------------------------
| rollout/                |               |
|    ep_len_mean          | 9.08          |
|    ep_rew_mean          | 8.18          |
| time/                   |               |
|    fps                  | 819           |
|    iterations           | 32            |
|    time_elapsed         | 79            |
|    total_timesteps      | 65536         |
| train/                  |               |
|    approx_kl            | 0.00071665016 |
|    clip_fraction        | 0.00234       |
|    clip_range           | 0.1           |
|    entropy_loss         | -15.7         |
|    explained_variance   | 0.0515        |
|    learning_rate        | 0.0001        |
|    loss                 | 14            |
|    n_updates            | 310           |
|    policy_gradient_loss | -0.00453      |
|    std                  | 1.01          |
|    value_loss           | 28.5          |
-------------------------------------------
-------------------------------------------
| rollout/                |               |
|    ep_len_mean          | 8.29          |
|    ep_rew_mean          | 7.02          |
| time/                   |               |
|    fps                  | 819           |
|    iterations           | 33            |
|    time_elapsed         | 82            |
|    total_timesteps      | 67584         |
| train/                  |               |
|    approx_kl            | 0.00054175744 |
|    clip_fraction        | 0.00122       |
|    clip_range           | 0.1           |
|    entropy_loss         | -15.7         |
|    explained_variance   | 0.0412        |
|    learning_rate        | 0.0001        |
|    loss                 | 14.8          |
|    n_updates            | 320           |
|    policy_gradient_loss | -0.00412      |
|    std                  | 1.01          |
|    value_loss           | 30.1          |
-------------------------------------------
------------------------------------------
| rollout/                |              |
|    ep_len_mean          | 9.45         |
|    ep_rew_mean          | 8.39         |
| time/                   |              |
|    fps                  | 819          |
|    iterations           | 34           |
|    time_elapsed         | 84           |
|    total_timesteps      | 69632        |
| train/                  |              |
|    approx_kl            | 0.0005187623 |
|    clip_fraction        | 0.000586     |
|    clip_range           | 0.1          |
|    entropy_loss         | -15.7        |
|    explained_variance   | 0.0459       |
|    learning_rate        | 0.0001       |
|    loss                 | 16.5         |
|    n_updates            | 330          |
|    policy_gradient_loss | -0.00389     |
|    std                  | 1.01         |
|    value_loss           | 33.6         |
------------------------------------------
-------------------------------------------
| rollout/                |               |
|    ep_len_mean          | 8.89          |
|    ep_rew_mean          | 7.65          |
| time/                   |               |
|    fps                  | 819           |
|    iterations           | 35            |
|    time_elapsed         | 87            |
|    total_timesteps      | 71680         |
| train/                  |               |
|    approx_kl            | 0.00040481868 |
|    clip_fraction        | 0.000439      |
|    clip_range           | 0.1           |
|    entropy_loss         | -15.7         |
|    explained_variance   | 0.0373        |
|    learning_rate        | 0.0001        |
|    loss                 | 16.3          |
|    n_updates            | 340           |
|    policy_gradient_loss | -0.00334      |
|    std                  | 1.01          |
|    value_loss           | 33.4          |
-------------------------------------------
-------------------------------------------
| rollout/                |               |
|    ep_len_mean          | 9.76          |
|    ep_rew_mean          | 8.3           |
| time/                   |               |
|    fps                  | 820           |
|    iterations           | 36            |
|    time_elapsed         | 89            |
|    total_timesteps      | 73728         |
| train/                  |               |
|    approx_kl            | 0.00052483595 |
|    clip_fraction        | 0.00127       |
|    clip_range           | 0.1           |
|    entropy_loss         | -15.7         |
|    explained_variance   | 0.0544        |
|    learning_rate        | 0.0001        |
|    loss                 | 14.7          |
|    n_updates            | 350           |
|    policy_gradient_loss | -0.00399      |
|    std                  | 1.01          |
|    value_loss           | 30.1          |
-------------------------------------------
-----------------------------------------
| rollout/                |             |
|    ep_len_mean          | 9.76        |
|    ep_rew_mean          | 7.16        |
| time/                   |             |
|    fps                  | 820         |
|    iterations           | 37          |
|    time_elapsed         | 92          |
|    total_timesteps      | 75776       |
| train/                  |             |
|    approx_kl            | 0.000637355 |
|    clip_fraction        | 0.00186     |
|    clip_range           | 0.1         |
|    entropy_loss         | -15.7       |
|    explained_variance   | 0.0303      |
|    learning_rate        | 0.0001      |
|    loss                 | 17.6        |
|    n_updates            | 360         |
|    policy_gradient_loss | -0.00406    |
|    std                  | 1.01        |
|    value_loss           | 35.8        |
-----------------------------------------
-------------------------------------------
| rollout/                |               |
|    ep_len_mean          | 9.53          |
|    ep_rew_mean          | 9.29          |
| time/                   |               |
|    fps                  | 820           |
|    iterations           | 38            |
|    time_elapsed         | 94            |
|    total_timesteps      | 77824         |
| train/                  |               |
|    approx_kl            | 0.00056671526 |
|    clip_fraction        | 0.000684      |
|    clip_range           | 0.1           |
|    entropy_loss         | -15.7         |
|    explained_variance   | 0.0824        |
|    learning_rate        | 0.0001        |
|    loss                 | 11.8          |
|    n_updates            | 370           |
|    policy_gradient_loss | -0.00444      |
|    std                  | 1.01          |
|    value_loss           | 24.2          |
-------------------------------------------
------------------------------------------
| rollout/                |              |
|    ep_len_mean          | 8.18         |
|    ep_rew_mean          | 7.55         |
| time/                   |              |
|    fps                  | 820          |
|    iterations           | 39           |
|    time_elapsed         | 97           |
|    total_timesteps      | 79872        |
| train/                  |              |
|    approx_kl            | 0.0005802221 |
|    clip_fraction        | 0.00229      |
|    clip_range           | 0.1          |
|    entropy_loss         | -15.7        |
|    explained_variance   | 0.0499       |
|    learning_rate        | 0.0001       |
|    loss                 | 21.2         |
|    n_updates            | 380          |
|    policy_gradient_loss | -0.00363     |
|    std                  | 1.01         |
|    value_loss           | 43.2         |
------------------------------------------
------------------------------------------
| rollout/                |              |
|    ep_len_mean          | 8.67         |
|    ep_rew_mean          | 8.37         |
| time/                   |              |
|    fps                  | 820          |
|    iterations           | 40           |
|    time_elapsed         | 99           |
|    total_timesteps      | 81920        |
| train/                  |              |
|    approx_kl            | 0.0006065696 |
|    clip_fraction        | 0.00132      |
|    clip_range           | 0.1          |
|    entropy_loss         | -15.7        |
|    explained_variance   | 0.0339       |
|    learning_rate        | 0.0001       |
|    loss                 | 11.4         |
|    n_updates            | 390          |
|    policy_gradient_loss | -0.00491     |
|    std                  | 1.01         |
|    value_loss           | 23.4         |
------------------------------------------
------------------------------------------
| rollout/                |              |
|    ep_len_mean          | 9.8          |
|    ep_rew_mean          | 8.76         |
| time/                   |              |
|    fps                  | 820          |
|    iterations           | 41           |
|    time_elapsed         | 102          |
|    total_timesteps      | 83968        |
| train/                  |              |
|    approx_kl            | 0.0007830194 |
|    clip_fraction        | 0.00332      |
|    clip_range           | 0.1          |
|    entropy_loss         | -15.7        |
|    explained_variance   | 0.0435       |
|    learning_rate        | 0.0001       |
|    loss                 | 15.6         |
|    n_updates            | 400          |
|    policy_gradient_loss | -0.00446     |
|    std                  | 1.01         |
|    value_loss           | 31.9         |
------------------------------------------
-------------------------------------------
| rollout/                |               |
|    ep_len_mean          | 9.3           |
|    ep_rew_mean          | 8.29          |
| time/                   |               |
|    fps                  | 820           |
|    iterations           | 42            |
|    time_elapsed         | 104           |
|    total_timesteps      | 86016         |
| train/                  |               |
|    approx_kl            | 0.00058244495 |
|    clip_fraction        | 0.00166       |
|    clip_range           | 0.1           |
|    entropy_loss         | -15.7         |
|    explained_variance   | 0.0563        |
|    learning_rate        | 0.0001        |
|    loss                 | 19.8          |
|    n_updates            | 410           |
|    policy_gradient_loss | -0.00351      |
|    std                  | 1.01          |
|    value_loss           | 40.3          |
-------------------------------------------
------------------------------------------
| rollout/                |              |
|    ep_len_mean          | 9.43         |
|    ep_rew_mean          | 7.72         |
| time/                   |              |
|    fps                  | 820          |
|    iterations           | 43           |
|    time_elapsed         | 107          |
|    total_timesteps      | 88064        |
| train/                  |              |
|    approx_kl            | 0.0005478994 |
|    clip_fraction        | 0.00122      |
|    clip_range           | 0.1          |
|    entropy_loss         | -15.7        |
|    explained_variance   | 0.0413       |
|    learning_rate        | 0.0001       |
|    loss                 | 20           |
|    n_updates            | 420          |
|    policy_gradient_loss | -0.00377     |
|    std                  | 1.01         |
|    value_loss           | 40.8         |
------------------------------------------
-------------------------------------------
| rollout/                |               |
|    ep_len_mean          | 8.94          |
|    ep_rew_mean          | 8.1           |
| time/                   |               |
|    fps                  | 820           |
|    iterations           | 44            |
|    time_elapsed         | 109           |
|    total_timesteps      | 90112         |
| train/                  |               |
|    approx_kl            | 0.00057383603 |
|    clip_fraction        | 0.00151       |
|    clip_range           | 0.1           |
|    entropy_loss         | -15.7         |
|    explained_variance   | 0.0549        |
|    learning_rate        | 0.0001        |
|    loss                 | 16.9          |
|    n_updates            | 430           |
|    policy_gradient_loss | -0.0042       |
|    std                  | 1.01          |
|    value_loss           | 34.5          |
-------------------------------------------
-----------------------------------------
| rollout/                |             |
|    ep_len_mean          | 8.79        |
|    ep_rew_mean          | 8.31        |
| time/                   |             |
|    fps                  | 820         |
|    iterations           | 45          |
|    time_elapsed         | 112         |
|    total_timesteps      | 92160       |
| train/                  |             |
|    approx_kl            | 0.000496837 |
|    clip_fraction        | 0.000537    |
|    clip_range           | 0.1         |
|    entropy_loss         | -15.7       |
|    explained_variance   | 0.0523      |
|    learning_rate        | 0.0001      |
|    loss                 | 18.5        |
|    n_updates            | 440         |
|    policy_gradient_loss | -0.0037     |
|    std                  | 1.01        |
|    value_loss           | 37.7        |
-----------------------------------------
------------------------------------------
| rollout/                |              |
|    ep_len_mean          | 9            |
|    ep_rew_mean          | 8.21         |
| time/                   |              |
|    fps                  | 820          |
|    iterations           | 46           |
|    time_elapsed         | 114          |
|    total_timesteps      | 94208        |
| train/                  |              |
|    approx_kl            | 0.0005130513 |
|    clip_fraction        | 0.00103      |
|    clip_range           | 0.1          |
|    entropy_loss         | -15.7        |
|    explained_variance   | 0.0645       |
|    learning_rate        | 0.0001       |
|    loss                 | 14.2         |
|    n_updates            | 450          |
|    policy_gradient_loss | -0.00416     |
|    std                  | 1.01         |
|    value_loss           | 29.2         |
------------------------------------------
-------------------------------------------
| rollout/                |               |
|    ep_len_mean          | 9.3           |
|    ep_rew_mean          | 7.46          |
| time/                   |               |
|    fps                  | 820           |
|    iterations           | 47            |
|    time_elapsed         | 117           |
|    total_timesteps      | 96256         |
| train/                  |               |
|    approx_kl            | 0.00040503248 |
|    clip_fraction        | 0.000293      |
|    clip_range           | 0.1           |
|    entropy_loss         | -15.7         |
|    explained_variance   | 0.0635        |
|    learning_rate        | 0.0001        |
|    loss                 | 16.7          |
|    n_updates            | 460           |
|    policy_gradient_loss | -0.00339      |
|    std                  | 1.01          |
|    value_loss           | 34.1          |
-------------------------------------------
-------------------------------------------
| rollout/                |               |
|    ep_len_mean          | 9.1           |
|    ep_rew_mean          | 7.82          |
| time/                   |               |
|    fps                  | 820           |
|    iterations           | 48            |
|    time_elapsed         | 119           |
|    total_timesteps      | 98304         |
| train/                  |               |
|    approx_kl            | 0.00046953568 |
|    clip_fraction        | 0.000879      |
|    clip_range           | 0.1           |
|    entropy_loss         | -15.7         |
|    explained_variance   | 0.0822        |
|    learning_rate        | 0.0001        |
|    loss                 | 14.9          |
|    n_updates            | 470           |
|    policy_gradient_loss | -0.00407      |
|    std                  | 1.01          |
|    value_loss           | 30.6          |
-------------------------------------------
------------------------------------------
| rollout/                |              |
|    ep_len_mean          | 9.5          |
|    ep_rew_mean          | 8.52         |
| time/                   |              |
|    fps                  | 820          |
|    iterations           | 49           |
|    time_elapsed         | 122          |
|    total_timesteps      | 100352       |
| train/                  |              |
|    approx_kl            | 0.0007190879 |
|    clip_fraction        | 0.00313      |
|    clip_range           | 0.1          |
|    entropy_loss         | -15.7        |
|    explained_variance   | 0.0776       |
|    learning_rate        | 0.0001       |
|    loss                 | 13.4         |
|    n_updates            | 480          |
|    policy_gradient_loss | -0.00455     |
|    std                  | 1.01         |
|    value_loss           | 27.4         |
------------------------------------------
-------------------------------------------
| rollout/                |               |
|    ep_len_mean          | 10.4          |
|    ep_rew_mean          | 7.73          |
| time/                   |               |
|    fps                  | 820           |
|    iterations           | 50            |
|    time_elapsed         | 124           |
|    total_timesteps      | 102400        |
| train/                  |               |
|    approx_kl            | 0.00070664793 |
|    clip_fraction        | 0.00288       |
|    clip_range           | 0.1           |
|    entropy_loss         | -15.7         |
|    explained_variance   | 0.0702        |
|    learning_rate        | 0.0001        |
|    loss                 | 14.3          |
|    n_updates            | 490           |
|    policy_gradient_loss | -0.00463      |
|    std                  | 1.01          |
|    value_loss           | 29.2          |
-------------------------------------------
-------------------------------------------
| rollout/                |               |
|    ep_len_mean          | 9.34          |
|    ep_rew_mean          | 7.21          |
| time/                   |               |
|    fps                  | 820           |
|    iterations           | 51            |
|    time_elapsed         | 127           |
|    total_timesteps      | 104448        |
| train/                  |               |
|    approx_kl            | 0.00068211777 |
|    clip_fraction        | 0.00332       |
|    clip_range           | 0.1           |
|    entropy_loss         | -15.7         |
|    explained_variance   | 0.0618        |
|    learning_rate        | 0.0001        |
|    loss                 | 19.8          |
|    n_updates            | 500           |
|    policy_gradient_loss | -0.0041       |
|    std                  | 1.01          |
|    value_loss           | 40.3          |
-------------------------------------------
-------------------------------------------
| rollout/                |               |
|    ep_len_mean          | 9.93          |
|    ep_rew_mean          | 7.28          |
| time/                   |               |
|    fps                  | 820           |
|    iterations           | 52            |
|    time_elapsed         | 129           |
|    total_timesteps      | 106496        |
| train/                  |               |
|    approx_kl            | 0.00060043205 |
|    clip_fraction        | 0.00161       |
|    clip_range           | 0.1           |
|    entropy_loss         | -15.7         |
|    explained_variance   | 0.0716        |
|    learning_rate        | 0.0001        |
|    loss                 | 15.7          |
|    n_updates            | 510           |
|    policy_gradient_loss | -0.00414      |
|    std                  | 1.01          |
|    value_loss           | 32.1          |
-------------------------------------------
------------------------------------------
| rollout/                |              |
|    ep_len_mean          | 9.4          |
|    ep_rew_mean          | 8.75         |
| time/                   |              |
|    fps                  | 820          |
|    iterations           | 53           |
|    time_elapsed         | 132          |
|    total_timesteps      | 108544       |
| train/                  |              |
|    approx_kl            | 0.0007920383 |
|    clip_fraction        | 0.0042       |
|    clip_range           | 0.1          |
|    entropy_loss         | -15.7        |
|    explained_variance   | 0.0665       |
|    learning_rate        | 0.0001       |
|    loss                 | 18.4         |
|    n_updates            | 520          |
|    policy_gradient_loss | -0.00501     |
|    std                  | 1.01         |
|    value_loss           | 37.5         |
------------------------------------------
------------------------------------------
| rollout/                |              |
|    ep_len_mean          | 9.02         |
|    ep_rew_mean          | 8.54         |
| time/                   |              |
|    fps                  | 820          |
|    iterations           | 54           |
|    time_elapsed         | 134          |
|    total_timesteps      | 110592       |
| train/                  |              |
|    approx_kl            | 0.0011449707 |
|    clip_fraction        | 0.00854      |
|    clip_range           | 0.1          |
|    entropy_loss         | -15.7        |
|    explained_variance   | 0.054        |
|    learning_rate        | 0.0001       |
|    loss                 | 16.9         |
|    n_updates            | 530          |
|    policy_gradient_loss | -0.00561     |
|    std                  | 1.01         |
|    value_loss           | 34.5         |
------------------------------------------
-------------------------------------------
| rollout/                |               |
|    ep_len_mean          | 8.88          |
|    ep_rew_mean          | 8.07          |
| time/                   |               |
|    fps                  | 820           |
|    iterations           | 55            |
|    time_elapsed         | 137           |
|    total_timesteps      | 112640        |
| train/                  |               |
|    approx_kl            | 0.00092087244 |
|    clip_fraction        | 0.00542       |
|    clip_range           | 0.1           |
|    entropy_loss         | -15.7         |
|    explained_variance   | 0.0542        |
|    learning_rate        | 0.0001        |
|    loss                 | 18.8          |
|    n_updates            | 540           |
|    policy_gradient_loss | -0.00443      |
|    std                  | 1.01          |
|    value_loss           | 38.4          |
-------------------------------------------
-------------------------------------------
| rollout/                |               |
|    ep_len_mean          | 10.3          |
|    ep_rew_mean          | 8.41          |
| time/                   |               |
|    fps                  | 820           |
|    iterations           | 56            |
|    time_elapsed         | 139           |
|    total_timesteps      | 114688        |
| train/                  |               |
|    approx_kl            | 0.00059491524 |
|    clip_fraction        | 0.00322       |
|    clip_range           | 0.1           |
|    entropy_loss         | -15.7         |
|    explained_variance   | 0.0398        |
|    learning_rate        | 0.0001        |
|    loss                 | 17.6          |
|    n_updates            | 550           |
|    policy_gradient_loss | -0.00398      |
|    std                  | 1.01          |
|    value_loss           | 36.1          |
-------------------------------------------
-----------------------------------------
| rollout/                |             |
|    ep_len_mean          | 10.2        |
|    ep_rew_mean          | 9.06        |
| time/                   |             |
|    fps                  | 820         |
|    iterations           | 57          |
|    time_elapsed         | 142         |
|    total_timesteps      | 116736      |
| train/                  |             |
|    approx_kl            | 0.000516227 |
|    clip_fraction        | 0.00132     |
|    clip_range           | 0.1         |
|    entropy_loss         | -15.7       |
|    explained_variance   | 0.052       |
|    learning_rate        | 0.0001      |
|    loss                 | 17.4        |
|    n_updates            | 560         |
|    policy_gradient_loss | -0.004      |
|    std                  | 1.01        |
|    value_loss           | 35.5        |
-----------------------------------------
------------------------------------------
| rollout/                |              |
|    ep_len_mean          | 9.3          |
|    ep_rew_mean          | 7.68         |
| time/                   |              |
|    fps                  | 820          |
|    iterations           | 58           |
|    time_elapsed         | 144          |
|    total_timesteps      | 118784       |
| train/                  |              |
|    approx_kl            | 0.0006331587 |
|    clip_fraction        | 0.0019       |
|    clip_range           | 0.1          |
|    entropy_loss         | -15.7        |
|    explained_variance   | 0.0595       |
|    learning_rate        | 0.0001       |
|    loss                 | 19.4         |
|    n_updates            | 570          |
|    policy_gradient_loss | -0.00434     |
|    std                  | 1.01         |
|    value_loss           | 39.6         |
------------------------------------------
-------------------------------------------
| rollout/                |               |
|    ep_len_mean          | 9             |
|    ep_rew_mean          | 9.04          |
| time/                   |               |
|    fps                  | 820           |
|    iterations           | 59            |
|    time_elapsed         | 147           |
|    total_timesteps      | 120832        |
| train/                  |               |
|    approx_kl            | 0.00085439987 |
|    clip_fraction        | 0.00474       |
|    clip_range           | 0.1           |
|    entropy_loss         | -15.7         |
|    explained_variance   | 0.0895        |
|    learning_rate        | 0.0001        |
|    loss                 | 14.2          |
|    n_updates            | 580           |
|    policy_gradient_loss | -0.00506      |
|    std                  | 1.01          |
|    value_loss           | 29.1          |
-------------------------------------------
------------------------------------------
| rollout/                |              |
|    ep_len_mean          | 9.65         |
|    ep_rew_mean          | 9.52         |
| time/                   |              |
|    fps                  | 820          |
|    iterations           | 60           |
|    time_elapsed         | 149          |
|    total_timesteps      | 122880       |
| train/                  |              |
|    approx_kl            | 0.0009212163 |
|    clip_fraction        | 0.00605      |
|    clip_range           | 0.1          |
|    entropy_loss         | -15.7        |
|    explained_variance   | 0.0836       |
|    learning_rate        | 0.0001       |
|    loss                 | 18.4         |
|    n_updates            | 590          |
|    policy_gradient_loss | -0.00519     |
|    std                  | 1.01         |
|    value_loss           | 37.6         |
------------------------------------------
-------------------------------------------
| rollout/                |               |
|    ep_len_mean          | 9.74          |
|    ep_rew_mean          | 9.18          |
| time/                   |               |
|    fps                  | 820           |
|    iterations           | 61            |
|    time_elapsed         | 152           |
|    total_timesteps      | 124928        |
| train/                  |               |
|    approx_kl            | 0.00079471903 |
|    clip_fraction        | 0.00371       |
|    clip_range           | 0.1           |
|    entropy_loss         | -15.7         |
|    explained_variance   | 0.054         |
|    learning_rate        | 0.0001        |
|    loss                 | 18.1          |
|    n_updates            | 600           |
|    policy_gradient_loss | -0.00451      |
|    std                  | 1.01          |
|    value_loss           | 37            |
-------------------------------------------
------------------------------------------
| rollout/                |              |
|    ep_len_mean          | 8.27         |
|    ep_rew_mean          | 7.76         |
| time/                   |              |
|    fps                  | 820          |
|    iterations           | 62           |
|    time_elapsed         | 154          |
|    total_timesteps      | 126976       |
| train/                  |              |
|    approx_kl            | 0.0011350743 |
|    clip_fraction        | 0.00781      |
|    clip_range           | 0.1          |
|    entropy_loss         | -15.8        |
|    explained_variance   | 0.0818       |
|    learning_rate        | 0.0001       |
|    loss                 | 18.1         |
|    n_updates            | 610          |
|    policy_gradient_loss | -0.00603     |
|    std                  | 1.01         |
|    value_loss           | 36.9         |
------------------------------------------
------------------------------------------
| rollout/                |              |
|    ep_len_mean          | 10.7         |
|    ep_rew_mean          | 10.5         |
| time/                   |              |
|    fps                  | 820          |
|    iterations           | 63           |
|    time_elapsed         | 157          |
|    total_timesteps      | 129024       |
| train/                  |              |
|    approx_kl            | 0.0012116344 |
|    clip_fraction        | 0.011        |
|    clip_range           | 0.1          |
|    entropy_loss         | -15.8        |
|    explained_variance   | 0.0685       |
|    learning_rate        | 0.0001       |
|    loss                 | 15.2         |
|    n_updates            | 620          |
|    policy_gradient_loss | -0.00532     |
|    std                  | 1.01         |
|    value_loss           | 31.2         |
------------------------------------------
-------------------------------------------
| rollout/                |               |
|    ep_len_mean          | 10.6          |
|    ep_rew_mean          | 9.98          |
| time/                   |               |
|    fps                  | 820           |
|    iterations           | 64            |
|    time_elapsed         | 159           |
|    total_timesteps      | 131072        |
| train/                  |               |
|    approx_kl            | 0.00090588105 |
|    clip_fraction        | 0.00688       |
|    clip_range           | 0.1           |
|    entropy_loss         | -15.8         |
|    explained_variance   | 0.0546        |
|    learning_rate        | 0.0001        |
|    loss                 | 17.7          |
|    n_updates            | 630           |
|    policy_gradient_loss | -0.00438      |
|    std                  | 1.01          |
|    value_loss           | 36.3          |
-------------------------------------------
------------------------------------------
| rollout/                |              |
|    ep_len_mean          | 9.42         |
|    ep_rew_mean          | 8.78         |
| time/                   |              |
|    fps                  | 820          |
|    iterations           | 65           |
|    time_elapsed         | 162          |
|    total_timesteps      | 133120       |
| train/                  |              |
|    approx_kl            | 0.0005750891 |
|    clip_fraction        | 0.00127      |
|    clip_range           | 0.1          |
|    entropy_loss         | -15.8        |
|    explained_variance   | 0.054        |
|    learning_rate        | 0.0001       |
|    loss                 | 25.6         |
|    n_updates            | 640          |
|    policy_gradient_loss | -0.00337     |
|    std                  | 1.01         |
|    value_loss           | 52.2         |
------------------------------------------
------------------------------------------
| rollout/                |              |
|    ep_len_mean          | 9.78         |
|    ep_rew_mean          | 8.54         |
| time/                   |              |
|    fps                  | 820          |
|    iterations           | 66           |
|    time_elapsed         | 164          |
|    total_timesteps      | 135168       |
| train/                  |              |
|    approx_kl            | 0.0006250511 |
|    clip_fraction        | 0.00166      |
|    clip_range           | 0.1          |
|    entropy_loss         | -15.8        |
|    explained_variance   | 0.108        |
|    learning_rate        | 0.0001       |
|    loss                 | 14.9         |
|    n_updates            | 650          |
|    policy_gradient_loss | -0.00436     |
|    std                  | 1.01         |
|    value_loss           | 30.5         |
------------------------------------------
-------------------------------------------
| rollout/                |               |
|    ep_len_mean          | 10.1          |
|    ep_rew_mean          | 10.2          |
| time/                   |               |
|    fps                  | 820           |
|    iterations           | 67            |
|    time_elapsed         | 167           |
|    total_timesteps      | 137216        |
| train/                  |               |
|    approx_kl            | 0.00070510636 |
|    clip_fraction        | 0.00215       |
|    clip_range           | 0.1           |
|    entropy_loss         | -15.8         |
|    explained_variance   | 0.0692        |
|    learning_rate        | 0.0001        |
|    loss                 | 22            |
|    n_updates            | 660           |
|    policy_gradient_loss | -0.00394      |
|    std                  | 1.01          |
|    value_loss           | 44.8          |
-------------------------------------------
-------------------------------------------
| rollout/                |               |
|    ep_len_mean          | 10            |
|    ep_rew_mean          | 8.7           |
| time/                   |               |
|    fps                  | 820           |
|    iterations           | 68            |
|    time_elapsed         | 169           |
|    total_timesteps      | 139264        |
| train/                  |               |
|    approx_kl            | 0.00063496025 |
|    clip_fraction        | 0.00205       |
|    clip_range           | 0.1           |
|    entropy_loss         | -15.8         |
|    explained_variance   | 0.0391        |
|    learning_rate        | 0.0001        |
|    loss                 | 25.6          |
|    n_updates            | 670           |
|    policy_gradient_loss | -0.00366      |
|    std                  | 1.01          |
|    value_loss           | 52.2          |
-------------------------------------------
------------------------------------------
| rollout/                |              |
|    ep_len_mean          | 9.52         |
|    ep_rew_mean          | 8.38         |
| time/                   |              |
|    fps                  | 820          |
|    iterations           | 69           |
|    time_elapsed         | 172          |
|    total_timesteps      | 141312       |
| train/                  |              |
|    approx_kl            | 0.0005547913 |
|    clip_fraction        | 0.00181      |
|    clip_range           | 0.1          |
|    entropy_loss         | -15.8        |
|    explained_variance   | 0.0703       |
|    learning_rate        | 0.0001       |
|    loss                 | 17.3         |
|    n_updates            | 680          |
|    policy_gradient_loss | -0.00453     |
|    std                  | 1.01         |
|    value_loss           | 35.4         |
------------------------------------------
------------------------------------------
| rollout/                |              |
|    ep_len_mean          | 9.74         |
|    ep_rew_mean          | 9.07         |
| time/                   |              |
|    fps                  | 820          |
|    iterations           | 70           |
|    time_elapsed         | 174          |
|    total_timesteps      | 143360       |
| train/                  |              |
|    approx_kl            | 0.0007615286 |
|    clip_fraction        | 0.00332      |
|    clip_range           | 0.1          |
|    entropy_loss         | -15.8        |
|    explained_variance   | 0.0976       |
|    learning_rate        | 0.0001       |
|    loss                 | 14.7         |
|    n_updates            | 690          |
|    policy_gradient_loss | -0.00525     |
|    std                  | 1.01         |
|    value_loss           | 30.2         |
------------------------------------------
-------------------------------------------
| rollout/                |               |
|    ep_len_mean          | 10.8          |
|    ep_rew_mean          | 8.9           |
| time/                   |               |
|    fps                  | 820           |
|    iterations           | 71            |
|    time_elapsed         | 177           |
|    total_timesteps      | 145408        |
| train/                  |               |
|    approx_kl            | 0.00092757784 |
|    clip_fraction        | 0.00596       |
|    clip_range           | 0.1           |
|    entropy_loss         | -15.8         |
|    explained_variance   | 0.0884        |
|    learning_rate        | 0.0001        |
|    loss                 | 19            |
|    n_updates            | 700           |
|    policy_gradient_loss | -0.00495      |
|    std                  | 1.01          |
|    value_loss           | 38.8          |
-------------------------------------------
-------------------------------------------
| rollout/                |               |
|    ep_len_mean          | 9.79          |
|    ep_rew_mean          | 8.68          |
| time/                   |               |
|    fps                  | 820           |
|    iterations           | 72            |
|    time_elapsed         | 179           |
|    total_timesteps      | 147456        |
| train/                  |               |
|    approx_kl            | 0.00064401515 |
|    clip_fraction        | 0.00278       |
|    clip_range           | 0.1           |
|    entropy_loss         | -15.8         |
|    explained_variance   | 0.0879        |
|    learning_rate        | 0.0001        |
|    loss                 | 23            |
|    n_updates            | 710           |
|    policy_gradient_loss | -0.0039       |
|    std                  | 1.01          |
|    value_loss           | 46.8          |
-------------------------------------------
------------------------------------------
| rollout/                |              |
|    ep_len_mean          | 10.1         |
|    ep_rew_mean          | 9.65         |
| time/                   |              |
|    fps                  | 820          |
|    iterations           | 73           |
|    time_elapsed         | 182          |
|    total_timesteps      | 149504       |
| train/                  |              |
|    approx_kl            | 0.0007710628 |
|    clip_fraction        | 0.0041       |
|    clip_range           | 0.1          |
|    entropy_loss         | -15.8        |
|    explained_variance   | 0.109        |
|    learning_rate        | 0.0001       |
|    loss                 | 14.6         |
|    n_updates            | 720          |
|    policy_gradient_loss | -0.00511     |
|    std                  | 1.01         |
|    value_loss           | 29.9         |
------------------------------------------
-------------------------------------------
| rollout/                |               |
|    ep_len_mean          | 11.4          |
|    ep_rew_mean          | 11            |
| time/                   |               |
|    fps                  | 820           |
|    iterations           | 74            |
|    time_elapsed         | 184           |
|    total_timesteps      | 151552        |
| train/                  |               |
|    approx_kl            | 0.00087145297 |
|    clip_fraction        | 0.00503       |
|    clip_range           | 0.1           |
|    entropy_loss         | -15.8         |
|    explained_variance   | 0.0987        |
|    learning_rate        | 0.0001        |
|    loss                 | 16.6          |
|    n_updates            | 730           |
|    policy_gradient_loss | -0.00528      |
|    std                  | 1.01          |
|    value_loss           | 34            |
-------------------------------------------
-------------------------------------------
| rollout/                |               |
|    ep_len_mean          | 10.8          |
|    ep_rew_mean          | 9.24          |
| time/                   |               |
|    fps                  | 820           |
|    iterations           | 75            |
|    time_elapsed         | 187           |
|    total_timesteps      | 153600        |
| train/                  |               |
|    approx_kl            | 0.00093066634 |
|    clip_fraction        | 0.00654       |
|    clip_range           | 0.1           |
|    entropy_loss         | -15.8         |
|    explained_variance   | 0.0532        |
|    learning_rate        | 0.0001        |
|    loss                 | 25.6          |
|    n_updates            | 740           |
|    policy_gradient_loss | -0.00479      |
|    std                  | 1.01          |
|    value_loss           | 52            |
-------------------------------------------
------------------------------------------
| rollout/                |              |
|    ep_len_mean          | 10.7         |
|    ep_rew_mean          | 10.7         |
| time/                   |              |
|    fps                  | 820          |
|    iterations           | 76           |
|    time_elapsed         | 189          |
|    total_timesteps      | 155648       |
| train/                  |              |
|    approx_kl            | 0.0011978915 |
|    clip_fraction        | 0.011        |
|    clip_range           | 0.1          |
|    entropy_loss         | -15.8        |
|    explained_variance   | 0.0632       |
|    learning_rate        | 0.0001       |
|    loss                 | 20.2         |
|    n_updates            | 750          |
|    policy_gradient_loss | -0.00557     |
|    std                  | 1.02         |
|    value_loss           | 41.3         |
------------------------------------------
------------------------------------------
| rollout/                |              |
|    ep_len_mean          | 10.4         |
|    ep_rew_mean          | 8.91         |
| time/                   |              |
|    fps                  | 820          |
|    iterations           | 77           |
|    time_elapsed         | 192          |
|    total_timesteps      | 157696       |
| train/                  |              |
|    approx_kl            | 0.0012147967 |
|    clip_fraction        | 0.0132       |
|    clip_range           | 0.1          |
|    entropy_loss         | -15.8        |
|    explained_variance   | 0.0968       |
|    learning_rate        | 0.0001       |
|    loss                 | 19.6         |
|    n_updates            | 760          |
|    policy_gradient_loss | -0.00496     |
|    std                  | 1.02         |
|    value_loss           | 40           |
------------------------------------------
------------------------------------------
| rollout/                |              |
|    ep_len_mean          | 10.8         |
|    ep_rew_mean          | 10.6         |
| time/                   |              |
|    fps                  | 820          |
|    iterations           | 78           |
|    time_elapsed         | 194          |
|    total_timesteps      | 159744       |
| train/                  |              |
|    approx_kl            | 0.0007882529 |
|    clip_fraction        | 0.00444      |
|    clip_range           | 0.1          |
|    entropy_loss         | -15.8        |
|    explained_variance   | 0.0873       |
|    learning_rate        | 0.0001       |
|    loss                 | 21           |
|    n_updates            | 770          |
|    policy_gradient_loss | -0.00502     |
|    std                  | 1.02         |
|    value_loss           | 42.8         |
------------------------------------------
------------------------------------------
| rollout/                |              |
|    ep_len_mean          | 10.2         |
|    ep_rew_mean          | 9.69         |
| time/                   |              |
|    fps                  | 820          |
|    iterations           | 79           |
|    time_elapsed         | 197          |
|    total_timesteps      | 161792       |
| train/                  |              |
|    approx_kl            | 0.0009769009 |
|    clip_fraction        | 0.00649      |
|    clip_range           | 0.1          |
|    entropy_loss         | -15.8        |
|    explained_variance   | 0.0755       |
|    learning_rate        | 0.0001       |
|    loss                 | 17.3         |
|    n_updates            | 780          |
|    policy_gradient_loss | -0.00502     |
|    std                  | 1.02         |
|    value_loss           | 35.4         |
------------------------------------------
------------------------------------------
| rollout/                |              |
|    ep_len_mean          | 11.2         |
|    ep_rew_mean          | 10.3         |
| time/                   |              |
|    fps                  | 821          |
|    iterations           | 80           |
|    time_elapsed         | 199          |
|    total_timesteps      | 163840       |
| train/                  |              |
|    approx_kl            | 0.0011075542 |
|    clip_fraction        | 0.00942      |
|    clip_range           | 0.1          |
|    entropy_loss         | -15.8        |
|    explained_variance   | 0.0807       |
|    learning_rate        | 0.0001       |
|    loss                 | 16.4         |
|    n_updates            | 790          |
|    policy_gradient_loss | -0.0054      |
|    std                  | 1.02         |
|    value_loss           | 33.7         |
------------------------------------------
-------------------------------------------
| rollout/                |               |
|    ep_len_mean          | 10.7          |
|    ep_rew_mean          | 9.83          |
| time/                   |               |
|    fps                  | 821           |
|    iterations           | 81            |
|    time_elapsed         | 202           |
|    total_timesteps      | 165888        |
| train/                  |               |
|    approx_kl            | 0.00088159036 |
|    clip_fraction        | 0.00581       |
|    clip_range           | 0.1           |
|    entropy_loss         | -15.8         |
|    explained_variance   | 0.0526        |
|    learning_rate        | 0.0001        |
|    loss                 | 22.4          |
|    n_updates            | 800           |
|    policy_gradient_loss | -0.00443      |
|    std                  | 1.02          |
|    value_loss           | 45.7          |
-------------------------------------------
-----------------------------------------
| rollout/                |             |
|    ep_len_mean          | 11.1        |
|    ep_rew_mean          | 11          |
| time/                   |             |
|    fps                  | 821         |
|    iterations           | 82          |
|    time_elapsed         | 204         |
|    total_timesteps      | 167936      |
| train/                  |             |
|    approx_kl            | 0.001080188 |
|    clip_fraction        | 0.00825     |
|    clip_range           | 0.1         |
|    entropy_loss         | -15.8       |
|    explained_variance   | 0.115       |
|    learning_rate        | 0.0001      |
|    loss                 | 15.8        |
|    n_updates            | 810         |
|    policy_gradient_loss | -0.0061     |
|    std                  | 1.02        |
|    value_loss           | 32.4        |
-----------------------------------------
-------------------------------------------
| rollout/                |               |
|    ep_len_mean          | 11.3          |
|    ep_rew_mean          | 10.8          |
| time/                   |               |
|    fps                  | 821           |
|    iterations           | 83            |
|    time_elapsed         | 207           |
|    total_timesteps      | 169984        |
| train/                  |               |
|    approx_kl            | 0.00097340415 |
|    clip_fraction        | 0.00732       |
|    clip_range           | 0.1           |
|    entropy_loss         | -15.8         |
|    explained_variance   | 0.0727        |
|    learning_rate        | 0.0001        |
|    loss                 | 21            |
|    n_updates            | 820           |
|    policy_gradient_loss | -0.00455      |
|    std                  | 1.02          |
|    value_loss           | 42.9          |
-------------------------------------------
------------------------------------------
| rollout/                |              |
|    ep_len_mean          | 10.5         |
|    ep_rew_mean          | 9.56         |
| time/                   |              |
|    fps                  | 821          |
|    iterations           | 84           |
|    time_elapsed         | 209          |
|    total_timesteps      | 172032       |
| train/                  |              |
|    approx_kl            | 0.0009276988 |
|    clip_fraction        | 0.00464      |
|    clip_range           | 0.1          |
|    entropy_loss         | -15.8        |
|    explained_variance   | 0.0932       |
|    learning_rate        | 0.0001       |
|    loss                 | 19.1         |
|    n_updates            | 830          |
|    policy_gradient_loss | -0.00546     |
|    std                  | 1.02         |
|    value_loss           | 39.1         |
------------------------------------------
------------------------------------------
| rollout/                |              |
|    ep_len_mean          | 12.2         |
|    ep_rew_mean          | 10.3         |
| time/                   |              |
|    fps                  | 821          |
|    iterations           | 85           |
|    time_elapsed         | 212          |
|    total_timesteps      | 174080       |
| train/                  |              |
|    approx_kl            | 0.0011916722 |
|    clip_fraction        | 0.00977      |
|    clip_range           | 0.1          |
|    entropy_loss         | -15.8        |
|    explained_variance   | 0.133        |
|    learning_rate        | 0.0001       |
|    loss                 | 18.1         |
|    n_updates            | 840          |
|    policy_gradient_loss | -0.00606     |
|    std                  | 1.02         |
|    value_loss           | 36.9         |
------------------------------------------
------------------------------------------
| rollout/                |              |
|    ep_len_mean          | 10.8         |
|    ep_rew_mean          | 9.06         |
| time/                   |              |
|    fps                  | 821          |
|    iterations           | 86           |
|    time_elapsed         | 214          |
|    total_timesteps      | 176128       |
| train/                  |              |
|    approx_kl            | 0.0012854785 |
|    clip_fraction        | 0.0125       |
|    clip_range           | 0.1          |
|    entropy_loss         | -15.8        |
|    explained_variance   | 0.104        |
|    learning_rate        | 0.0001       |
|    loss                 | 21           |
|    n_updates            | 850          |
|    policy_gradient_loss | -0.00555     |
|    std                  | 1.02         |
|    value_loss           | 42.8         |
------------------------------------------
----------------------------------------
| rollout/                |            |
|    ep_len_mean          | 11         |
|    ep_rew_mean          | 9.94       |
| time/                   |            |
|    fps                  | 821        |
|    iterations           | 87         |
|    time_elapsed         | 217        |
|    total_timesteps      | 178176     |
| train/                  |            |
|    approx_kl            | 0.00162794 |
|    clip_fraction        | 0.0196     |
|    clip_range           | 0.1        |
|    entropy_loss         | -15.8      |
|    explained_variance   | 0.104      |
|    learning_rate        | 0.0001     |
|    loss                 | 17.3       |
|    n_updates            | 860        |
|    policy_gradient_loss | -0.00648   |
|    std                  | 1.02       |
|    value_loss           | 35.4       |
----------------------------------------
-------------------------------------------
| rollout/                |               |
|    ep_len_mean          | 10.2          |
|    ep_rew_mean          | 9.62          |
| time/                   |               |
|    fps                  | 821           |
|    iterations           | 88            |
|    time_elapsed         | 219           |
|    total_timesteps      | 180224        |
| train/                  |               |
|    approx_kl            | 0.00085192407 |
|    clip_fraction        | 0.00459       |
|    clip_range           | 0.1           |
|    entropy_loss         | -15.8         |
|    explained_variance   | 0.105         |
|    learning_rate        | 0.0001        |
|    loss                 | 19.2          |
|    n_updates            | 870           |
|    policy_gradient_loss | -0.00508      |
|    std                  | 1.02          |
|    value_loss           | 39.1          |
-------------------------------------------
------------------------------------------
| rollout/                |              |
|    ep_len_mean          | 11.3         |
|    ep_rew_mean          | 9.03         |
| time/                   |              |
|    fps                  | 821          |
|    iterations           | 89           |
|    time_elapsed         | 222          |
|    total_timesteps      | 182272       |
| train/                  |              |
|    approx_kl            | 0.0013307075 |
|    clip_fraction        | 0.013        |
|    clip_range           | 0.1          |
|    entropy_loss         | -15.8        |
|    explained_variance   | 0.123        |
|    learning_rate        | 0.0001       |
|    loss                 | 17.4         |
|    n_updates            | 880          |
|    policy_gradient_loss | -0.0063      |
|    std                  | 1.02         |
|    value_loss           | 35.6         |
------------------------------------------
------------------------------------------
| rollout/                |              |
|    ep_len_mean          | 11.1         |
|    ep_rew_mean          | 10.6         |
| time/                   |              |
|    fps                  | 821          |
|    iterations           | 90           |
|    time_elapsed         | 224          |
|    total_timesteps      | 184320       |
| train/                  |              |
|    approx_kl            | 0.0012446847 |
|    clip_fraction        | 0.0122       |
|    clip_range           | 0.1          |
|    entropy_loss         | -15.8        |
|    explained_variance   | 0.0901       |
|    learning_rate        | 0.0001       |
|    loss                 | 20.7         |
|    n_updates            | 890          |
|    policy_gradient_loss | -0.00498     |
|    std                  | 1.02         |
|    value_loss           | 42.3         |
------------------------------------------
------------------------------------------
| rollout/                |              |
|    ep_len_mean          | 10.2         |
|    ep_rew_mean          | 10           |
| time/                   |              |
|    fps                  | 821          |
|    iterations           | 91           |
|    time_elapsed         | 226          |
|    total_timesteps      | 186368       |
| train/                  |              |
|    approx_kl            | 0.0011638106 |
|    clip_fraction        | 0.0106       |
|    clip_range           | 0.1          |
|    entropy_loss         | -15.8        |
|    explained_variance   | 0.14         |
|    learning_rate        | 0.0001       |
|    loss                 | 18           |
|    n_updates            | 900          |
|    policy_gradient_loss | -0.00525     |
|    std                  | 1.02         |
|    value_loss           | 36.7         |
------------------------------------------
------------------------------------------
| rollout/                |              |
|    ep_len_mean          | 11.1         |
|    ep_rew_mean          | 9.6          |
| time/                   |              |
|    fps                  | 821          |
|    iterations           | 92           |
|    time_elapsed         | 229          |
|    total_timesteps      | 188416       |
| train/                  |              |
|    approx_kl            | 0.0019169777 |
|    clip_fraction        | 0.0277       |
|    clip_range           | 0.1          |
|    entropy_loss         | -15.8        |
|    explained_variance   | 0.114        |
|    learning_rate        | 0.0001       |
|    loss                 | 15.5         |
|    n_updates            | 910          |
|    policy_gradient_loss | -0.00714     |
|    std                  | 1.02         |
|    value_loss           | 31.7         |
------------------------------------------
------------------------------------------
| rollout/                |              |
|    ep_len_mean          | 11.1         |
|    ep_rew_mean          | 10.9         |
| time/                   |              |
|    fps                  | 821          |
|    iterations           | 93           |
|    time_elapsed         | 231          |
|    total_timesteps      | 190464       |
| train/                  |              |
|    approx_kl            | 0.0014317288 |
|    clip_fraction        | 0.0153       |
|    clip_range           | 0.1          |
|    entropy_loss         | -15.8        |
|    explained_variance   | 0.12         |
|    learning_rate        | 0.0001       |
|    loss                 | 17.3         |
|    n_updates            | 920          |
|    policy_gradient_loss | -0.0067      |
|    std                  | 1.02         |
|    value_loss           | 35.3         |
------------------------------------------
------------------------------------------
| rollout/                |              |
|    ep_len_mean          | 9.64         |
|    ep_rew_mean          | 10.1         |
| time/                   |              |
|    fps                  | 821          |
|    iterations           | 94           |
|    time_elapsed         | 234          |
|    total_timesteps      | 192512       |
| train/                  |              |
|    approx_kl            | 0.0011103768 |
|    clip_fraction        | 0.00933      |
|    clip_range           | 0.1          |
|    entropy_loss         | -15.8        |
|    explained_variance   | 0.0777       |
|    learning_rate        | 0.0001       |
|    loss                 | 27.6         |
|    n_updates            | 930          |
|    policy_gradient_loss | -0.00458     |
|    std                  | 1.02         |
|    value_loss           | 56.2         |
------------------------------------------
-------------------------------------------
| rollout/                |               |
|    ep_len_mean          | 10.8          |
|    ep_rew_mean          | 11.1          |
| time/                   |               |
|    fps                  | 821           |
|    iterations           | 95            |
|    time_elapsed         | 236           |
|    total_timesteps      | 194560        |
| train/                  |               |
|    approx_kl            | 0.00081763405 |
|    clip_fraction        | 0.00454       |
|    clip_range           | 0.1           |
|    entropy_loss         | -15.8         |
|    explained_variance   | 0.149         |
|    learning_rate        | 0.0001        |
|    loss                 | 15.9          |
|    n_updates            | 940           |
|    policy_gradient_loss | -0.00505      |
|    std                  | 1.02          |
|    value_loss           | 32.5          |
-------------------------------------------
