time_steps 120000
Using cpu device
Wrapping the env with a `Monitor` wrapper
Wrapping the env in a DummyVecEnv.
env.observation_space Box(-inf, inf, (73,), float64)
self.keys, shapes, dtypes [None] {None: (73,)} {None: dtype('float64')}
---------------------------------
| rollout/           |          |
|    ep_len_mean     | 11       |
|    ep_rew_mean     | -15      |
| time/              |          |
|    fps             | 1094     |
|    iterations      | 1        |
|    time_elapsed    | 1        |
|    total_timesteps | 2048     |
---------------------------------
------------------------------------------
| rollout/                |              |
|    ep_len_mean          | 15.1         |
|    ep_rew_mean          | -17.8        |
| time/                   |              |
|    fps                  | 968          |
|    iterations           | 2            |
|    time_elapsed         | 4            |
|    total_timesteps      | 4096         |
| train/                  |              |
|    approx_kl            | 0.0005714368 |
|    clip_fraction        | 0.00146      |
|    clip_range           | 0.1          |
|    entropy_loss         | -9.93        |
|    explained_variance   | -0.00912     |
|    learning_rate        | 0.0001       |
|    loss                 | 64.3         |
|    n_updates            | 10           |
|    policy_gradient_loss | -0.00408     |
|    std                  | 1            |
|    value_loss           | 130          |
------------------------------------------
-------------------------------------------
| rollout/                |               |
|    ep_len_mean          | 14            |
|    ep_rew_mean          | -18.6         |
| time/                   |               |
|    fps                  | 933           |
|    iterations           | 3             |
|    time_elapsed         | 6             |
|    total_timesteps      | 6144          |
| train/                  |               |
|    approx_kl            | 0.00034058708 |
|    clip_fraction        | 0.000342      |
|    clip_range           | 0.1           |
|    entropy_loss         | -9.93         |
|    explained_variance   | -0.00115      |
|    learning_rate        | 0.0001        |
|    loss                 | 62.4          |
|    n_updates            | 20            |
|    policy_gradient_loss | -0.00222      |
|    std                  | 0.999         |
|    value_loss           | 126           |
-------------------------------------------
