time_steps 120000
Using cpu device
Wrapping the env with a `Monitor` wrapper
Wrapping the env in a DummyVecEnv.
env.observation_space Box(-inf, inf, (73,), float64)
self.keys, shapes, dtypes [None] {None: (73,)} {None: dtype('float64')}
---------------------------------
| rollout/           |          |
|    ep_len_mean     | 9.5      |
|    ep_rew_mean     | -10      |
| time/              |          |
|    fps             | 1127     |
|    iterations      | 1        |
|    time_elapsed    | 1        |
|    total_timesteps | 2048     |
---------------------------------
-------------------------------------------
| rollout/                |               |
|    ep_len_mean          | 9.79          |
|    ep_rew_mean          | -10.7         |
| time/                   |               |
|    fps                  | 1006          |
|    iterations           | 2             |
|    time_elapsed         | 4             |
|    total_timesteps      | 4096          |
| train/                  |               |
|    approx_kl            | 0.00064401765 |
|    clip_fraction        | 0.00313       |
|    clip_range           | 0.1           |
|    entropy_loss         | -9.93         |
|    explained_variance   | -0.00123      |
|    learning_rate        | 0.0001        |
|    loss                 | 31.5          |
|    n_updates            | 10            |
|    policy_gradient_loss | -0.00402      |
|    std                  | 1             |
|    value_loss           | 64.1          |
-------------------------------------------
