time_steps 120000
Using cpu device
Wrapping the env with a `Monitor` wrapper
Wrapping the env in a DummyVecEnv.
env.observation_space Box(-inf, inf, (73,), float64)
self.keys, shapes, dtypes [None] {None: (73,)} {None: dtype('float64')}
---------------------------------
| rollout/           |          |
|    ep_len_mean     | 9        |
|    ep_rew_mean     | -8.26    |
| time/              |          |
|    fps             | 1131     |
|    iterations      | 1        |
|    time_elapsed    | 1        |
|    total_timesteps | 2048     |
---------------------------------
-------------------------------------------
| rollout/                |               |
|    ep_len_mean          | 8.81          |
|    ep_rew_mean          | -8.15         |
| time/                   |               |
|    fps                  | 990           |
|    iterations           | 2             |
|    time_elapsed         | 4             |
|    total_timesteps      | 4096          |
| train/                  |               |
|    approx_kl            | 0.00086226495 |
|    clip_fraction        | 0.00664       |
|    clip_range           | 0.1           |
|    entropy_loss         | -9.93         |
|    explained_variance   | -0.0215       |
|    learning_rate        | 0.0001        |
|    loss                 | 24.6          |
|    n_updates            | 10            |
|    policy_gradient_loss | -0.005        |
|    std                  | 1             |
|    value_loss           | 50.3          |
-------------------------------------------
------------------------------------------
| rollout/                |              |
|    ep_len_mean          | 9.2          |
|    ep_rew_mean          | -8.24        |
| time/                   |              |
|    fps                  | 948          |
|    iterations           | 3            |
|    time_elapsed         | 6            |
|    total_timesteps      | 6144         |
| train/                  |              |
|    approx_kl            | 0.0005182938 |
|    clip_fraction        | 0.00186      |
|    clip_range           | 0.1          |
|    entropy_loss         | -9.93        |
|    explained_variance   | -0.0112      |
|    learning_rate        | 0.0001       |
|    loss                 | 30.6         |
|    n_updates            | 20           |
|    policy_gradient_loss | -0.00284     |
|    std                  | 0.999        |
|    value_loss           | 62.3         |
------------------------------------------
