time_steps 120000
Using cpu device
Wrapping the env with a `Monitor` wrapper
Wrapping the env in a DummyVecEnv.
env.observation_space Box(-inf, inf, (73,), float64)
self.keys, shapes, dtypes [None] {None: (73,)} {None: dtype('float64')}
---------------------------------
| rollout/           |          |
|    ep_len_mean     | 8.1      |
|    ep_rew_mean     | -7.03    |
| time/              |          |
|    fps             | 1061     |
|    iterations      | 1        |
|    time_elapsed    | 1        |
|    total_timesteps | 2048     |
---------------------------------
-------------------------------------------
| rollout/                |               |
|    ep_len_mean          | 8.07          |
|    ep_rew_mean          | -6.46         |
| time/                   |               |
|    fps                  | 964           |
|    iterations           | 2             |
|    time_elapsed         | 4             |
|    total_timesteps      | 4096          |
| train/                  |               |
|    approx_kl            | 0.00076100254 |
|    clip_fraction        | 0.0041        |
|    clip_range           | 0.1           |
|    entropy_loss         | -9.93         |
|    explained_variance   | -0.00951      |
|    learning_rate        | 0.0001        |
|    loss                 | 25.4          |
|    n_updates            | 10            |
|    policy_gradient_loss | -0.00484      |
|    std                  | 0.999         |
|    value_loss           | 52            |
-------------------------------------------
-------------------------------------------
| rollout/                |               |
|    ep_len_mean          | 9.15          |
|    ep_rew_mean          | -7.7          |
| time/                   |               |
|    fps                  | 936           |
|    iterations           | 3             |
|    time_elapsed         | 6             |
|    total_timesteps      | 6144          |
| train/                  |               |
|    approx_kl            | 0.00051855616 |
|    clip_fraction        | 0.00146       |
|    clip_range           | 0.1           |
|    entropy_loss         | -9.92         |
|    explained_variance   | -0.00757      |
|    learning_rate        | 0.0001        |
|    loss                 | 19            |
|    n_updates            | 20            |
|    policy_gradient_loss | -0.003        |
|    std                  | 0.998         |
|    value_loss           | 38.9          |
-------------------------------------------
