time_steps 20000
Using cpu device
Wrapping the env with a `Monitor` wrapper
Wrapping the env in a DummyVecEnv.
env.observation_space Box(-inf, inf, (33,), float64)
self.keys, shapes, dtypes [None] {None: (33,)} {None: dtype('float64')}
---------------------------------
| rollout/           |          |
|    ep_len_mean     | 7.24     |
|    ep_rew_mean     | -0.629   |
| time/              |          |
|    fps             | 1292     |
|    iterations      | 1        |
|    time_elapsed    | 1        |
|    total_timesteps | 2048     |
---------------------------------
------------------------------------------
| rollout/                |              |
|    ep_len_mean          | 7.16         |
|    ep_rew_mean          | -0.151       |
| time/                   |              |
|    fps                  | 1139         |
|    iterations           | 2            |
|    time_elapsed         | 3            |
|    total_timesteps      | 4096         |
| train/                  |              |
|    approx_kl            | 0.0009837707 |
|    clip_fraction        | 0.00708      |
|    clip_range           | 0.1          |
|    entropy_loss         | -2.84        |
|    explained_variance   | -0.133       |
|    learning_rate        | 0.0001       |
|    loss                 | 0.489        |
|    n_updates            | 10           |
|    policy_gradient_loss | -0.00249     |
|    std                  | 0.999        |
|    value_loss           | 1.21         |
------------------------------------------
