time_steps 120000
Using cpu device
Wrapping the env with a `Monitor` wrapper
Wrapping the env in a DummyVecEnv.
env.observation_space Box(-inf, inf, (73,), float64)
self.keys, shapes, dtypes [None] {None: (73,)} {None: dtype('float64')}
---------------------------------
| rollout/           |          |
|    ep_len_mean     | 11.8     |
|    ep_rew_mean     | -11.4    |
| time/              |          |
|    fps             | 1139     |
|    iterations      | 1        |
|    time_elapsed    | 1        |
|    total_timesteps | 2048     |
---------------------------------
------------------------------------------
| rollout/                |              |
|    ep_len_mean          | 12.6         |
|    ep_rew_mean          | -12.1        |
| time/                   |              |
|    fps                  | 1005         |
|    iterations           | 2            |
|    time_elapsed         | 4            |
|    total_timesteps      | 4096         |
| train/                  |              |
|    approx_kl            | 0.0007451354 |
|    clip_fraction        | 0.00313      |
|    clip_range           | 0.1          |
|    entropy_loss         | -9.93        |
|    explained_variance   | -0.00478     |
|    learning_rate        | 0.0001       |
|    loss                 | 60.7         |
|    n_updates            | 10           |
|    policy_gradient_loss | -0.0042      |
|    std                  | 1            |
|    value_loss           | 123          |
------------------------------------------
------------------------------------------
| rollout/                |              |
|    ep_len_mean          | 11.5         |
|    ep_rew_mean          | -11.1        |
| time/                   |              |
|    fps                  | 967          |
|    iterations           | 3            |
|    time_elapsed         | 6            |
|    total_timesteps      | 6144         |
| train/                  |              |
|    approx_kl            | 0.0005742266 |
|    clip_fraction        | 0.00181      |
|    clip_range           | 0.1          |
|    entropy_loss         | -9.93        |
|    explained_variance   | -0.0056      |
|    learning_rate        | 0.0001       |
|    loss                 | 82.9         |
|    n_updates            | 20           |
|    policy_gradient_loss | -0.00292     |
|    std                  | 1            |
|    value_loss           | 167          |
------------------------------------------
