time_steps 120000
Using cpu device
Wrapping the env with a `Monitor` wrapper
Wrapping the env in a DummyVecEnv.
env.observation_space Box(-inf, inf, (73,), float64)
self.keys, shapes, dtypes [None] {None: (73,)} {None: dtype('float64')}
---------------------------------
| rollout/           |          |
|    ep_len_mean     | 8.95     |
|    ep_rew_mean     | -9.32    |
| time/              |          |
|    fps             | 1139     |
|    iterations      | 1        |
|    time_elapsed    | 1        |
|    total_timesteps | 2048     |
---------------------------------
-------------------------------------------
| rollout/                |               |
|    ep_len_mean          | 8.88          |
|    ep_rew_mean          | -9.6          |
| time/                   |               |
|    fps                  | 1030          |
|    iterations           | 2             |
|    time_elapsed         | 3             |
|    total_timesteps      | 4096          |
| train/                  |               |
|    approx_kl            | 0.00060234935 |
|    clip_fraction        | 0.00132       |
|    clip_range           | 0.1           |
|    entropy_loss         | -9.93         |
|    explained_variance   | -0.0277       |
|    learning_rate        | 0.0001        |
|    loss                 | 29.9          |
|    n_updates            | 10            |
|    policy_gradient_loss | -0.00442      |
|    std                  | 0.999         |
|    value_loss           | 61.1          |
-------------------------------------------
-------------------------------------------
| rollout/                |               |
|    ep_len_mean          | 9.07          |
|    ep_rew_mean          | -9.25         |
| time/                   |               |
|    fps                  | 995           |
|    iterations           | 3             |
|    time_elapsed         | 6             |
|    total_timesteps      | 6144          |
| train/                  |               |
|    approx_kl            | 0.00041326316 |
|    clip_fraction        | 0.000391      |
|    clip_range           | 0.1           |
|    entropy_loss         | -9.93         |
|    explained_variance   | -0.00279      |
|    learning_rate        | 0.0001        |
|    loss                 | 29.2          |
|    n_updates            | 20            |
|    policy_gradient_loss | -0.00245      |
|    std                  | 0.999         |
|    value_loss           | 59.5          |
-------------------------------------------
