time_steps 120000
Using cpu device
Wrapping the env with a `Monitor` wrapper
Wrapping the env in a DummyVecEnv.
env.observation_space Box(-inf, inf, (73,), float64)
self.keys, shapes, dtypes [None] {None: (73,)} {None: dtype('float64')}
---------------------------------
| rollout/           |          |
|    ep_len_mean     | 9.27     |
|    ep_rew_mean     | -11.4    |
| time/              |          |
|    fps             | 1102     |
|    iterations      | 1        |
|    time_elapsed    | 1        |
|    total_timesteps | 2048     |
---------------------------------
-------------------------------------------
| rollout/                |               |
|    ep_len_mean          | 8.51          |
|    ep_rew_mean          | -10.8         |
| time/                   |               |
|    fps                  | 1002          |
|    iterations           | 2             |
|    time_elapsed         | 4             |
|    total_timesteps      | 4096          |
| train/                  |               |
|    approx_kl            | 0.00063020637 |
|    clip_fraction        | 0.00112       |
|    clip_range           | 0.1           |
|    entropy_loss         | -9.93         |
|    explained_variance   | -0.00569      |
|    learning_rate        | 0.0001        |
|    loss                 | 28.9          |
|    n_updates            | 10            |
|    policy_gradient_loss | -0.00437      |
|    std                  | 0.999         |
|    value_loss           | 59.2          |
-------------------------------------------
-------------------------------------------
| rollout/                |               |
|    ep_len_mean          | 8.81          |
|    ep_rew_mean          | -11.4         |
| time/                   |               |
|    fps                  | 970           |
|    iterations           | 3             |
|    time_elapsed         | 6             |
|    total_timesteps      | 6144          |
| train/                  |               |
|    approx_kl            | 0.00042289568 |
|    clip_fraction        | 0.000391      |
|    clip_range           | 0.1           |
|    entropy_loss         | -9.92         |
|    explained_variance   | 0.0275        |
|    learning_rate        | 0.0001        |
|    loss                 | 25.2          |
|    n_updates            | 20            |
|    policy_gradient_loss | -0.00264      |
|    std                  | 0.998         |
|    value_loss           | 51.6          |
-------------------------------------------
